Getting input files from data/scrapes/HABITATGE/
Storing results as -> data/scrapes/HABITATGE/20240928_HABITATGE_articles.csv
Storing articles in -> data/scrapes/HABITATGE/articles/
----------------------------------------------------------------------------------
Searching articles with the following search terms: ['habitatge', 'pisos', 'lloguer']
Searching articles between 2024-07-01 - 00:00 and 2024-09-28 - 19:34
----------------------------------------------------------------------------------
Searching at L'Altaveu
--> SEARCHING TERM habitatge ...
CURRENT PAGE -> 1
URL: https://www.altaveu.com/cercador.html?search=habitatge ...
    - 2024-09-24 18:48:00 -> La problemàtica de l’habitatge fa caure les sol·licituds d’ajuts per a l’emancipació dels joves
       -> 4 comments
    - 2024-09-23 12:26:00 -> El valor de la hipoteca mitjana per comprar un habitatge se situa en 310.000 euros
       -1 comment
    - 2024-09-20 11:43:00 -> La Coordinadora de l’Habitatge calcula que el 2023 hi va haver 950 casos reals de trampes i abusos
       -> 5 comments
    - 2024-09-12 19:18:00 -> Concòrdia i PS fan servir l’informe del Raonador per criticar la política d’habitatge del Govern
    - 2024-09-10 15:25:00 -> Els comuns volen un “rol preponderant i d’iniciativa” per aportar solucions en matèria d’habitatge
       -> 6 comments
    - 2024-09-08 12:27:00 -> Acord en cercar “consens” i “confluències” sobre habitatge i Europa, que marcaran el curs polític
       -> 3 comments
    - 2024-09-08 10:19:00 -> El síndic demana “accions concretes i resultats tangibles” per afrontar la crisi de l’habitatge
       -> 18 comments
    - 2024-09-05 17:46:00 -> Designacions ‘exprés’ a l’Institut de l’Habitatge per evitar un bloqueig
       -1 comment
    - 2024-09-03 22:00:00 -> Un dels ‘arquitectes de moda’ del país representarà els comuns a l’Institut Nacional de l’Habitatge
       -> 3 comments
    - 2024-08-23 11:46:00 -> Els economistes alerten que “en tres anys no s’haurà resolt el problema de l’habitatge”
       -> 35 comments
CURRENT PAGE -> 2
URL: https://www.altaveu.com/cercador.html?search=habitatge&_page=2 ...
    - 2024-08-13 11:33:00 -> La Coordinadora per l’Habitatge denuncia més de 40 casos de trampes i abusos
       -> 17 comments
    - 2024-08-02 12:43:00 -> Habitatge, model de país i el fet de governar pels rics amenacen la qualitat democràtica del país
       -> 8 comments
    - 2024-07-31 10:49:00 -> L’Institut de l’Habitatge rep un miler de consultes de gener a juny, un 17% més que en tot el 2023
       -> 6 comments
    - 2024-07-29 18:43:00 -> Govern invocarà la funció social de l’habitatge per ‘rescatar’ pisos buits i posar-los al mercat
       -> 17 comments
    - 2024-07-28 12:02:00 -> La comissió d’habitatge del PS alerta que “la gent continua patint i la preocupació no s’ha calmat”
       -> 9 comments
    - 2024-07-15 20:13:00 -> L’oposició esclata contra Govern pel retard a tramitar la llei per l’habitatge
       -> 15 comments
    - 2024-07-07 13:32:00 -> Càritas segueix ‘denunciant’ la dificultat que hi ha al país per accedir a un habitatge digne
    - 2024-07-03 21:19:00 -> Encamp proposa Jean-Michel Rascagneres per representar els comuns a l’Institut de l’Habitatge
       -> 3 comments
--> SEARCHING TERM pisos ...
CURRENT PAGE -> 1
URL: https://www.altaveu.com/cercador.html?search=pisos ...
    - 2024-09-26 19:30:00 -> Dos hotels d’Encamp es reconverteixen en 37 pisos que ja estan llogats
       -> 5 comments
    - 2024-09-24 11:56:00 -> Concòrdia proposa fer públics els propietaris dels pisos buits com a alternativa a la cessió
       -> 28 comments
    - 2024-09-16 13:46:00 -> Andorra la Vella, Sant Julià, Canillo i el Pas tindran pisos públics de lloguer assequible enguany
       -> 8 comments
    - 2024-09-11 13:32:00 -> Govern aportarà cinc milions d’euros als pisos tutelats per a la gent gran de Sant Julià
       -> 14 comments
    - 2024-09-11 10:20:00 -> Govern preveu destinar 745.000 euros per fer tres pisos públics més a Sant Julià
       -> 23 comments
    - 2024-09-08 14:38:00 -> Canvis a la llei òmnibus sí, però sense “desvirtuar” la fita de posar pisos al mercat residencial
       -> 23 comments
    - 2024-09-04 11:12:00 -> Els pisos de lloguer del Pas s’adjudicaran sense moblar durant la primera quinzena del mes vinent
       -> 13 comments
    - 2024-08-29 12:21:00 -> Les obres per convertir el Font de Ferro en pisos obliga a modificar la circulació durant 16 mesos
       -> 12 comments
    - 2024-08-21 17:33:00 -> Fins a cinc anys de lloguer de pisos públics i més facilitats perquè hi accedeixin els joves
       -> 30 comments
    - 2024-08-17 21:25:00 -> Enuig per la construcció d’un bloc de pisos molt a prop de l’església de Sant Jaume d’Engordany
       -> 22 comments
CURRENT PAGE -> 2
URL: https://www.altaveu.com/cercador.html?search=pisos&_page=2 ...
    - 2024-08-15 10:18:00 -> Sant Julià buscarà finançament extern si Govern no aporta els sis milions per als pisos tutelats
       -> 9 comments
    - 2024-08-07 18:55:00 -> Adjudicats els treballs de redacció del projecte del segon edifici de pisos de la Borda Nova
    - 2024-08-06 23:10:00 -> Conveni entre el comú i el Govern per als pisos de preu assequible del Cedre
       -1 comment
    - 2024-08-06 18:23:00 -> El finançament de Govern als pisos tutelats de Sant Julià s’ha de quadrar al pressupost del 2025
       -1 comment
    - 2024-08-05 10:44:00 -> Els pisos s’encareixen un 12% el segon trimestre tot i el descens de les transaccions immobiliàries
       -> 11 comments
    - 2024-08-04 14:54:00 -> Govern preveu adjudicar els pisos del Pas de la Casa després de les vacances d’estiu
       -> 3 comments
    - 2024-07-30 13:31:00 -> Montaner critica les desviacions pressupostàries: “Pisos a preu assequible sí, però no a preu d’or”
       -> 5 comments
    - 2024-07-29 19:55:00 -> Les noves exigències haurien de permetre posar en lloguer un de cada quatre pisos turístics
       -> 4 comments
    - 2024-07-26 21:57:00 -> Cairat confia tancar amb Govern l’aportació per als pisos tutelats en el pròxim mes
       -> 4 comments
CURRENT PAGE -> 3
URL: https://www.altaveu.com/cercador.html?search=pisos&_page=3 ...
    - 2024-07-24 19:03:00 -> Govern avaluarà la disponibilitat pressupostària per col·laborar en el projecte de pisos del Cedre
    - 2024-07-23 18:13:00 -> Sense resposta del Govern sobre la participació econòmica per fer els pisos del Cedre
       -> 3 comments
    - 2024-07-19 19:08:00 -> DA preveu que els grans propietaris es facin reformar els pisos vells amb el programa ‘Reviu’
       -> 14 comments
    - 2024-07-18 13:21:00 -> La capital estableix entre 400 i 750 euros el preu del lloguer dels pisos del programa ‘Reviu’
       -> 23 comments
    - 2024-07-03 12:45:00 -> Adjudicada la redacció dels projectes per fer pisos assequibles als edificis l’Arbella d’Ordino
       -> 4 comments
    - 2024-07-01 18:21:00 -> Reubicació sense incidències de totes les famílies dels pisos esquerdats de l’avinguda Santa Coloma
    - 2024-07-01 11:41:00 -> La llei òmnibus permetrà al Govern activar la cessió obligatòria de pisos buits durant tres anys
       -> 3 comments
--> SEARCHING TERM lloguer ...
CURRENT PAGE -> 1
URL: https://www.altaveu.com/cercador.html?search=lloguer ...
    - 2024-09-20 09:01:00 -> La ‘trampa del fill’ o increments de lloguer abusius són les ‘armes’ de l’assetjament immobiliari
       -> 20 comments
    - 2024-08-22 21:10:00 -> Gili assegura que ja s’ha enviat a Govern la informació sobre els preus de lloguer a Escaldes
       -> 2 comments
    - 2024-07-29 08:00:00 -> Lloguer o menjar
    - 2024-07-08 17:40:00 -> Un portal immobiliari xifra en més de 23 euros per metre quadrat el preu de lloguer d’un pis
       -> 15 comments
----------------------------------------------------------------------------------
Searching at Bondia.ad
--> SEARCHING TERM habitatge ...
URL: https://www.bondia.ad/cercador?search=habitatge ...
CURRENT PAGE -> 1
    - 2024-09-26 21:00:19 -> Astrié retreu la falta d’inversió i manca de resultats en habitatge
       -1 comment
    - 2024-09-26 17:56:19 -> El Govern i Ski Andorra formalitzen la col·laboració en matèria formativa i de prevenció de riscos del personal de les pistes
    - 2024-09-25 20:40:49 -> Adjudicats els treballs d’un  nou tram del vial de la Massana
    - 2024-09-25 13:44:00 -> Andorra Endavant avisa que "fer política no és jugar al Monopoly" i lamenta que es "legisli a cegues"
    - 2024-09-25 13:42:22 -> Afers Socials atorga 1.330 noves prestacions el primer trimestre del 2024
       -> 2 comments
    - 2024-09-25 00:00:03 -> De quan Mir era a Nargó
    - 2024-09-24 20:36:03 -> El Pla Nacional de Joventut,  llest aquest any, i la llei, el 2025
    - 2024-09-24 19:37:41 -> Dotze pisos a Cal Pensament
    - 2024-09-24 18:57:00 -> Concòrdia vol un màxim anual d’autoritzacions d’immigració
    - 2024-09-23 11:59:52 -> Neix la plataforma Pirineu Viu per denunciar del “monocultiu turístic”
       -> 2 comments
    - 2024-09-23 11:59:00 -> L'Institut Nacional de l'Habitatge rep el segell Llum Verda de FEDA
    - 2024-09-23 11:55:46 -> Augmenten les hipoteques concedides en un 15,5% el primer semestre
    - 2024-09-19 21:38:19 -> Marsol diu que l’economia real creix, “i el poder adquisitiu també”
    - 2024-09-19 20:57:00 -> Espot demana “generositat” al sector immobiliari i la construcció
    - 2024-09-19 13:43:17 -> L'edifici dels Arcs també serà centre de dia per a gent gran
    - 2024-09-18 20:01:19 -> Clam contra la llei òmnibus
    - 2024-09-18 16:24:44 -> El PS s'interessa per la gestióde les zones de riscos naturals i geotècnics
    - 2024-09-17 19:53:26 -> La llei òmnibus és el “full de ruta definitiu per aquesta legislatura”
    - 2024-09-17 01:00:04 -> La CEA demana flexibilitzar de nou l’arribada d’alguns treballadors
       -> 3 comments
    - 2024-09-16 19:45:42 -> Espot reivindica el seu lideratge i diu que hi ha una sèrie "d'imponderables" sobre la data del referèndum de la UE
CURRENT PAGE -> 2
    - 2024-09-16 17:46:56 -> Carburant, habitatge, aliments i roba fan baixar l’IPC al 2,1%
    - 2024-09-16 00:00:04 -> El rebut d’escombraries enfada i Vilaró explica que és “un malentès”
       -1 comment
    - 2024-09-15 17:16:50 -> El primer dia de classe faltaven per cobrir deu places de professors
    - 2024-09-12 21:00:00 -> El sector financer demana canvis legals “clars” i fets “d’una sola vegada”
    - 2024-09-12 20:13:23 -> L’oposició reclama de nou mesures “valentes” en habitatge
    - 2024-09-12 01:45:04 -> Pancho Saula: “Ens entenem formalment, però hi ha camí a recórrer en el negoci”
    - 2024-09-11 21:28:38 -> Demòcrates celebrarà el seu congrés el 27 de novembre
    - 2024-09-11 20:20:37 -> L’impost sobre la inversió estrangera immobiliària recapta més de 6,5 milions
    - 2024-09-11 20:00:00 -> Espot confia que el proper conveni d'habitatge sigui amb el Comú de la capital
    - 2024-09-11 13:55:00 -> El Govern finançarà amb cinc milions els pisos per a la gent gran de Sant Julià
       -1 comment
    - 2024-09-11 11:46:23 -> Concurs pels treballs de rehabilitació i posada en valor de l'hotel Casamanya
    - 2024-09-10 19:50:00 -> Els comuns volen agafar un nou rol més “preponderant” a l’INH
    - 2024-09-10 00:00:02 -> Barrera reclama exonerar de la hipotètica vinyeta els urgellencs
    - 2024-09-09 18:00:00 -> El cost de l’habitatge, “un enemic” per atraure mestres
       -1 comment
    - 2024-09-08 21:39:20 -> Espot obre la porta a “posposar” la consulta per l’acord amb la UE
    - 2024-09-08 21:08:14 -> Crida a un debat sobre la UE en termes “més racionals”
    - 2024-09-05 20:00:00 -> Ginjaume, representant dels comuns a l’INH
    - 2024-09-04 12:55:00 -> L'adjudicació dels pisos de lloguer assequible del Pas es farà a inicis d'octubre
       -1 comment
    - 2024-09-04 01:00:03 -> El debat de la llei per al creixement sostenible i l’habitatge va per llarg
       -1 comment
CURRENT PAGE -> 3
    - 2024-09-02 11:18:47 -> L'IPC avançat de l'agost baixa nou dècimes i se situa al 2,1%
    - 2024-09-02 01:00:03 -> Xavier Surana: “Està venint gent a  picar-nos a la porta d’altres partits polítics”
    - 2024-08-29 02:00:04 -> “Controls sistemàtics” i millora de la informació a Immigració
       -> 3 comments
    - 2024-08-26 01:00:02 -> Olivier Bracque: “La sensació amb la UE és que la informació que dona el Govern no és la que està esperant la gent”
    - 2024-08-23 00:05:03 -> Qui no vulgui anar al Pas haurà d’optar sí o sí pels pisos de l’Àrtic
    - 2024-08-22 19:10:00 -> Els visitants creixen un 4,6% en un any tot i el descens del juliol
       -1 comment
    - 2024-08-21 20:00:03 -> Govern amplia a cinc anys la durada del lloguer dels pisos del parc públic
       -1 comment
    - 2024-08-20 12:34:00 -> El Comú avalua les diferents zones de la parròquia per veure on cal més videovigilància
    - 2024-08-19 12:05:00 -> Els preus davallen un 0,2% al juliol i la inflació interanual baixa al 3%
    - 2024-08-18 19:00:00 -> El FNJA reclama un programa de suport a l’emprenedoria jove
    - 2024-08-16 02:00:02 -> L’APBI compara l’acció de govern amb una “dictadura comunista”
       -> 2 comments
    - 2024-08-15 20:53:00 -> Les obres de l’avinguda Joan Martí començaran l’any vinent
       -1 comment
    - 2024-08-13 12:41:00 -> La Coordinadora per l'Habitatge recull 40 casos d'afectats per trampes i abusos
    - 2024-08-12 19:30:00 -> Cauen un 13,5% les peticions per a una ajuda a l’habitatge
    - 2024-08-12 12:41:00 -> Les peticions d'ajudes ocasionals davallen un 14,7% el primer trimestre de l'any
    - 2024-08-12 10:24:01 -> Ordeig entoma el repte de calmar els ànims del primer sector
    - 2024-08-12 02:00:03 -> Jordi Fernández: “Una noia ens va dir que va estar buscant un punt lila per una cosa greu i no va ser atesa per ningú”
    - 2024-08-08 21:40:00 -> El Govern obre la porta a aixecar la intervenció abans de tres anys
    - 2024-08-08 20:54:00 -> Espot descarta convocar comicis després del referèndum per la UE
CURRENT PAGE -> 4
    - 2024-08-08 07:00:03 -> El coworking, una opció a l’alça
    - 2024-08-07 21:00:00 -> Més habitatge a preu assequible al nou edifici de la Borda Nova
    - 2024-08-07 17:33:00 -> El PS demana al Govern pel desenvolupament de l’Acord de Joventut
    - 2024-08-05 21:00:00 -> El preu mitjà del m2 dels pisos s’encareix 416 euros en tres mesos
       -1 comment
Cannot access https://www.bondia.ad/entrevistes/cristina-rico-un-dels-reptes-que-mes-em-preocupa-es-que-no-hi-hagi-una-esquerda-social right now. Please try again later.
    - 2024-08-04 20:11:00 -> El Govern condiciona la participació als pisos del Cedre a la inversió del Comú
    - 2024-08-04 16:19:02 -> El 'boom' de les furgonetes càmper
    - 2024-08-01 20:25:00 -> Astrié considera “insuficient” la partida del Reviu però l’aprova
    - 2024-08-01 13:49:59 -> Concòrdia guanyaria  avui les eleccions
    - 2024-08-01 00:00:02 -> La Sindicatura admetrà a tràmit demà la llei òmnibus
    - 2024-07-31 11:19:00 -> L'Institut Nacional de l'Habitatge rep 1.014 consultes fins al juny, un 17% més que tot el 2023
    - 2024-07-31 02:00:03 -> La Creu Roja comprarà un edifici per destinar-lo a hotel social
    - 2024-07-30 17:45:31 -> El programa Renova torna a esgotar els dos milions d’euros
    - 2024-07-30 13:12:34 -> El PS demana la compareixença d’Espot per l’afer Grifols
       -1 comment
    - 2024-07-29 13:55:53 -> Autorització prèvia de la inversió estrangera pel 25% d’una societat
       -1 comment
    - 2024-07-29 00:00:00 -> Salten guspires a Escaldes per l'apujada del 10% de "tots" els sous base
       -1 comment
    - 2024-07-25 20:27:51 -> L’oposició demana recuperar el milió invertit en l’accés al terreny
    - 2024-07-25 11:11:15 -> Traceback (most recent call last):
  File "/Users/emmajuansalazar/arxius/projects/andorra-sentiment-analyst/crawler/scraper.py", line 732, in numbered_pages_current_page
    dict_articles, dict_comments = self.add_article.add_article_to_dict(journal,
                                   ^^^^^^^^^^^^^^^^^^^^^^^^^^^^^^^^^^^^^^^^^^^^^
  File "/Users/emmajuansalazar/arxius/projects/andorra-sentiment-analyst/crawler/scraper.py", line 67, in add_article_to_dict
    comments = self.comments.get_comments(journal, link, soup)
               ^^^^^^^^^^^^^^^^^^^^^^^^^^^^^^^^^^^^^^^^^^^^^^^
  File "/Users/emmajuansalazar/arxius/projects/andorra-sentiment-analyst/crawler/scraper.py", line 170, in get_comments
    return self.get_comments_soup(journal, soup)
           ^^^^^^^^^^^^^^^^^^^^^^^^^^^^^^^^^^^^^
  File "/Users/emmajuansalazar/arxius/projects/andorra-sentiment-analyst/crawler/scraper.py", line 192, in get_comments_soup
    comments = comments_col.find_all('div', class_="flex flex-col gap-2 bg-primary-200 py-4 px-10")
               ^^^^^^^^^^^^^^^^^^^^^
AttributeError: 'NoneType' object has no attribute 'find_all'
Grifols va advertir fa un any que era “difícil” engegar el projecte
       -1 comment
    - 2024-07-24 20:59:05 -> Predisposició del Govern a ser part dels pisos del Cedre
    - 2024-07-23 00:00:00 -> La capital vol involucrar el Govern en els pisos de lloguer assequible del Cedre
CURRENT PAGE -> 5
    - 2024-07-20 00:21:00 -> Un expert manté que caldria un parc públic del 20% del mercat immobiliari per tenir-hi un impacte
    - 2024-07-18 02:00:03 -> La rotació de personal i els danys en l’edifici traven la tasca del CREI
    - 2024-07-18 00:00:00 -> Els lloguers dels pisos del programa Reviu de la capital oscil·laran entre els 400 i els 750 euros
       -> 2 comments
    - 2024-07-16 00:00:00 -> La llei d'accessibilitat, a tràmit parlamentari a finals d'any
    - 2024-07-15 23:11:25 -> L’oposició reclama fer alguna cosa per “redreçar” l’habitatge
    - 2024-07-15 00:14:00 -> Els preus davallen un 0,2% al juny i la inflació interanual se situa en el 3,2%
    - 2024-07-12 18:01:00 -> Els comuns lliuraran els estudis de càrrega definitius al Govern abans de l'octubre
    - 2024-07-11 19:39:07 -> Més de 1.300 padrins reben una pensió de solidaritat
    - 2024-07-11 00:00:00 -> El 63% de les queixes sobre habitatge al raonador són de ciutadans amb més de 20 anys de residència
       -1 comment
    - 2024-07-09 13:46:49 -> 37 empreses s’han beneficiat de l’acord signat entre Andorra Business i Catalunya
    - 2024-07-07 18:35:00 -> Apostes per la concertació publicoprivada per resoldre la falta d'habitatge
       -1 comment
    - 2024-07-07 00:00:00 -> Els usuaris de Càritas baixen un 12%, amb 1.150 durant l’any 2023
    - 2024-07-04 17:41:55 -> Andorra formalitza l’acceptació d’un nou article de la Carta Social Europea sobre drets laborals
    - 2024-07-03 21:27:08 -> El Govern ajorna de nou l’entrada a tràmit de la llei òmnibus
       -1 comment
    - 2024-07-03 16:35:34 -> Andorra aprova la Declaració de Bucarest de l'OSCE-PA
    - 2024-07-03 00:45:03 -> Els sindicats protesten i Jordi Mas demanarà excuses
! no content found

--> There was an error crawling in journal bondia
ERROR MESSAGE:
'NoneType' object has no attribute 'find_all'


--> SEARCHING TERM pisos ...
URL: https://www.bondia.ad/cercador?search=pisos ...
CURRENT PAGE -> 1
    - 2024-09-25 00:15:03 -> Bonell retarda a la tardor de l’any que ve el trasllat de l’Arxiu al Rosaleda
    - 2024-09-25 00:10:04 -> L’estrany cas de la vall sense casa
    - 2024-09-19 19:47:43 -> Cribratges a les escoles a partir de 6 anys per detectar trastorns
    - 2024-09-16 02:00:01 -> La gent gran vol un augment de les pensions d’entre el 3,5 i el 4%
    - 2024-09-12 20:00:00 -> La llista d’espera per entrar al Cedre, sense ‘pretendents’
    - 2024-08-29 12:12:14 -> Tres mesos d'afectacions de trànsit per les obres a l'hotel Font de Ferro.
CURRENT PAGE -> 2
    - 2024-08-13 00:00:04 -> La Capella Sixtina... dels gats
    - 2024-08-12 01:00:03 -> El retorn dels veïns de l'edifici amb esquerdes s’allarga fins al novembre per sorgir “imprevistos”
    - 2024-08-02 02:00:03 -> La sortida per al SAD passa per vincular-lo a la nova residència
       -1 comment
CURRENT PAGE -> 3
    - 2024-07-08 00:00:00 -> El portal immobiliari Pisos.ad situa el preu mitjà del lloguer en 2.700 euros
    - 2024-07-02 20:59:51 -> Una part dels habitatges a preu assequible podrien ser socials
    - 2024-07-01 12:15:26 -> Els pisos buits tornaran als propietaris si no es lloguen abans de 12 mesos
       -> 4 comments
--> SEARCHING TERM lloguer ...
URL: https://www.bondia.ad/cercador?search=lloguer ...
CURRENT PAGE -> 1
    - 2024-09-26 13:34:35 -> Dos projectes a la brossa
    - 2024-09-25 20:11:44 -> 174.500 euros per a un cub de pantalles per explicar l’Acord
Cannot access https://www.bondia.ad/societat/neix-la-plataforma-pirineu-viu-per-denunciar-del-monocultiu-turistic right now. Please try again later.
    - 2024-08-30 02:00:03 -> La paradoxa dels locals buits
       -> 2 comments
CURRENT PAGE -> 2
    - 2024-08-20 00:00:03 -> Colm Tóibín: “El que s’ha fet en 40 anys amb el català és un miracle”
    - 2024-07-25 11:48:00 -> Preocupació en el comerç i la restauració del Pas de la Casa per la davallada de les vendes
    - 2024-07-24 00:00:00 -> Prop de 74.000 euros per al muntatge i retransmissió de l'Andorra Taste
    - 2024-07-15 01:15:01 -> Els joves demanen allargar la cobertura sanitària fins als 35 anys
       -> 2 comments
CURRENT PAGE -> 3
----------------------------------------------------------------------------------
Searching at Diari d'Andorra
--> SEARCHING TERM habitatge ...
CURRENT PAGE -> 1
URL: https://www.diariandorra.ad/search/?query=habitatge ...
    - 2024-09-27 16:23:00 -> Trencat l'acord per al nou estadi
       -> 19 comments
    - 2024-09-27 05:41:00 -> Dards encreuats per l’habitatge i les inversions entre majoria i minoria
       -> 5 comments
    - 2024-09-26 19:53:00 -> Special Olympics és l’escollida per Andbus al primer Fòrum Solidari
       -1 comment
    - 2024-09-26 17:31:00 -> Govern i Ski Andorra signen un conveni en prevenció de riscos del personal de pistes
    - 2024-09-26 06:16:00 -> Montaner critica Govern, Concòrdia i el PS per voler legislar sense dades d’habitatge
       -> 5 comments
    - 2024-09-25 09:55:00 -> Montaner critica Govern, Concòrdia i PS per voler legislar sense dades sobre l'habitatge
       -> 8 comments
    - 2024-09-25 05:48:00 -> Les sol·licituds d’ajudes que ofereix Joventut per poder emancipar-se es redueixen
       -> 6 comments
    - 2024-09-24 18:39:00 -> El pla nacional de la joventut, entre finals de setembre i principis d'octubre
    - 2024-09-24 13:07:00 -> Concòrdia vol limitar les autoritzacions a la quota general
       -> 37 comments
    - 2024-09-24 12:05:00 -> L’import mitjà de les hipoteques cau un 18% el primer semestre i se situa en 427.693 euros
       -> 3 comments
    - 2024-09-24 06:50:00 -> “Estem treballant en un informe intern per actualitzar els indicadors per poder quantificar la realitat de l’habitatge”
       -1 comment
    - 2024-09-24 06:10:00 -> Pirineu Viu culpa Andorra de tots els mals de l’Alt Urgell
       -> 135 comments
    - 2024-09-24 06:05:00 -> L’Institut de l’Habitatge aposta per persuadir amb la cessió voluntària dels pisos buits
       -> 10 comments
    - 2024-09-23 18:23:00 -> El nombre d'hipoteques baixa a 336 en el primer semestre
       -1 comment
    - 2024-09-23 14:04:00 -> Pirineu Viu anuncia mobilitzacions contra el turisme que afectaran Andorra
       -> 68 comments
    - 2024-09-21 11:33:00 -> Neix la plataforma Pirineu Viu per lluitar contra la turistificació
       -> 5 comments
    - 2024-09-21 11:32:00 -> La Coordinadora critica els constructors per enriquir-se amb l’especulació
       -> 17 comments
    - 2024-09-20 14:13:00 -> Sindicatura valida la pròrroga a les esmenes a la llei òmnibus
    - 2024-09-20 13:31:00 -> Concòrdia presenta una cinquantena d’esmenes a la Llei Òmnibus
       -1 comment
    - 2024-09-20 10:37:00 -> La coordinadora de l'habitatge acusa constructors i immobiliàries d'enriquir-se amb l'especulació
       -> 15 comments
CURRENT PAGE -> 2
URL: https://www.diariandorra.ad/search/2?query=habitatge ...
    - 2024-09-20 06:38:00 -> Andorra va bé... per als de sempre
       -> 6 comments
    - 2024-09-19 05:37:00 -> Constructors i immobiliaris es rebel·len contra Govern
    - 2024-09-18 18:16:00 -> Govern recalca que amb les mesures d'habitatge ha de defensar l'interès general i no d'associacions
       -> 8 comments
    - 2024-09-18 16:24:00 -> Immobiliaris i constructors alerten que la llei òmnibus de l'habitatge els aboca a la crisi
       -> 55 comments
    - 2024-09-17 19:53:00 -> L'Ajuntament de la Seu gestionarà un edifici amb 11 pisos ocupats
    - 2024-09-17 14:33:00 -> Espot replica que l'intervencionisme a la llei òmnibus és "moderat"
    - 2024-09-17 12:02:00 -> Aturat el desnonament demanat per un conflicte de parella
       -> 18 comments
    - 2024-09-17 06:23:00 -> L’IPC baixa a l’agost tot i que el preu de l’habitatge creix més
       -> 3 comments
    - 2024-09-16 12:51:00 -> L'IPC baixa a 2,1% a l'agost per les rebaixes
       -1 comment
    - 2024-09-13 06:08:00 -> DA veta que Espot comparegui per Grifols
       -> 10 comments
    - 2024-09-12 17:58:00 -> L'oposició reitera que calen mesures "valentes i fermes" en matèria d'habitatge
    - 2024-09-12 06:53:00 -> Exemples de col·laboració
    - 2024-09-12 06:14:00 -> Els pisos de Sant Julià per a gent gran, el 2028
       -> 6 comments
    - 2024-09-12 06:07:00 -> La taxa a la inversió estrangera en immobles desborda la recaptació prevista
       -> 20 comments
    - 2024-09-11 18:51:00 -> L'impost d'inversió estrangera immobiliària arriba a 6,5 milions i supera la previsió de l'any
       -> 15 comments
    - 2024-09-11 13:38:00 -> Govern aporta cinc milions als pisos per a gent gran de Sant Julià
    - 2024-09-11 12:14:00 -> Campanya de la coordinadora de l'habitatge per contactar amb afectats d'abusos
       -> 3 comments
    - 2024-09-11 07:06:00 -> “Hi ha el compromís de tots els cònsols d’estar a sobre del tema de l’habitatge i poder tenir un rol més proactiu”
    - 2024-09-11 06:54:00 -> Nou curs polític
    - 2024-09-11 06:02:00 -> Els comuns volen tenir un rol més “proactiu” en la problemàtica de l’habitatge
       -1 comment
CURRENT PAGE -> 3
URL: https://www.diariandorra.ad/search/3?query=habitatge ...
    - 2024-09-09 05:45:00 -> Espot veu viable tenir tres blocs més aquest any de lloguer públic
       -> 7 comments
    - 2024-09-09 05:33:00 -> Govern s’obre a ser més garant a la llei òmnibus per assolir més suports
       -> 2 comments
    - 2024-09-08 17:10:00 -> Espot anuncia 'dos o tres' edificis més de lloguer assequible a les parròquies centrals
       -> 15 comments
    - 2024-09-08 12:46:00 -> Concòrdia i PS reclamen tenir en compte les propostes de la minoria i cercar consensos
    - 2024-09-06 06:09:00 -> Ara tot són presses
       -> 5 comments
    - 2024-09-05 06:14:00 -> Llacuna
    - 2024-09-05 06:03:00 -> Govern critica el PS i AE pel retard que poden provocar a la llei òmnibus
       -> 6 comments
    - 2024-09-03 05:55:00 -> L’IPC avançat de l’agost baixa fins al 2,1%
       -> 2 comments
    - 2024-09-03 05:51:00 -> Concòrdia descarta l’esmena a la totalitat de la llei òmnibus
       -> 18 comments
    - 2024-09-02 09:55:00 -> L'IPC avançat de l'agost baixa fins al 2,1%
       -> 2 comments
    - 2024-09-02 05:58:00 -> Cada cop més agències
       -> 12 comments
    - 2024-08-31 13:38:00 -> Pedro Sánchez visita els mundials de BTT
       -> 33 comments
    - 2024-08-26 05:51:00 -> Govern planeja canvis en la Llei de la regla d’or
       -> 3 comments
    - 2024-08-25 12:05:00 -> “Hem de buscar l’equilibri per no perjudicar els qui no han especulat”
       -> 51 comments
    - 2024-08-25 12:03:00 -> Per què marxen els portuguesos?
    - 2024-08-22 06:19:00 -> Els joves es poden emancipar als pisos de lloguer assequible
       -> 44 comments
    - 2024-08-22 06:11:00 -> L’augment de la taxa turística es tractarà en una reunió al setembre
       -> 4 comments
    - 2024-08-21 18:17:00 -> Els menors de 35 anys podran accedir al parc públic d'habitatge sense contracte de lloguer
    - 2024-08-21 06:08:00 -> El preu dels pisos de segona mà es dispara al centre i a Canillo
       -> 73 comments
    - 2024-08-18 06:05:00 -> “Devem ser dels pocs països que no han tocat tipus impositius en anys”
       -> 9 comments
CURRENT PAGE -> 4
URL: https://www.diariandorra.ad/search/4?query=habitatge ...
    - 2024-08-16 06:20:00 -> Baró critica Espot per no anar al Consell per Grifols
       -> 2 comments
    - 2024-08-16 06:06:00 -> Robatori de dades a llogaters que busquen pis per internet
       -> 2 comments
    - 2024-08-14 06:03:00 -> Regularitzats sis dels set obrers peruans pendents del permís
       -> 28 comments
    - 2024-08-13 12:09:00 -> La coordinadora de l'habitatge denuncia que la nova llei no soluciona els problemes del lloguer
    - 2024-08-13 06:24:00 -> Govern preveu que el parc públic d’habitatge sumi 1.500 pisos
       -> 2 comments
    - 2024-08-12 14:16:00 -> Govern preveu que el parc públic d'habitatge compti amb 1.500 pisos en tres anys
       -> 9 comments
    - 2024-08-09 06:01:00 -> Les paraules de Marsol
    - 2024-08-09 05:42:00 -> Marsol vol eleccions després del referèndum i Espot la desautoritza
       -> 50 comments
    - 2024-08-09 05:41:00 -> Previsió mínima de casos de cessió forçosa
    - 2024-08-08 18:10:00 -> Espot veu “prematur” parlar sobre un avançament electoral vinculat al referèndum de l’acord
       -> 8 comments
    - 2024-08-08 13:31:00 -> Marsol demana que es convoquin eleccions després del referèndum de la UE
       -> 40 comments
    - 2024-08-08 06:10:00 -> Pregunta parlamentària del PS sobre l’acord de joventut
    - 2024-08-07 17:13:00 -> El PS pregunta pel desenvolupament de l'acord de joventut
    - 2024-08-07 05:51:00 -> Viure a la Seu
       -> 4 comments
    - 2024-08-07 05:43:00 -> El Govern finançarà una part del cost dels pisos socials del Cedre
       -> 4 comments
    - 2024-08-06 05:50:00 -> El preu del metre quadrat puja un 12% i baixen les vendes
    - 2024-08-06 05:41:00 -> La policia farà complir la cessió forçosa del pis buit
    - 2024-08-04 05:20:00 -> Els reagrupaments irregulars implicaran perdre el permís
    - 2024-08-03 05:37:00 -> DA admet que ha de fer una “reflexió aprofundida” de l’enquesta política
       -> 23 comments
    - 2024-08-01 05:43:00 -> Les consultes sobre habitatge es disparen per damunt del miler
       -> 2 comments
CURRENT PAGE -> 5
URL: https://www.diariandorra.ad/search/5?query=habitatge ...
    - 2024-07-31 10:44:00 -> Els pisos protegits son la principal preocupació dels usuaris de l'institut de l'habitatge
    - 2024-07-31 05:52:00 -> Els canvis a la llei no atenuen el rebuig dels propietaris
    - 2024-07-30 06:10:00 -> El Govern només podrà retenir mig any els pisos buits que no es lloguin
       -> 15 comments
    - 2024-07-30 06:07:00 -> Govern admet que recaptarà menys tributs
       -> 7 comments
    - 2024-07-29 14:08:00 -> Es limita la inversió estrangera a dos immobles com a màxim
       -> 26 comments
    - 2024-07-29 12:07:00 -> Les Torres Zenit i Arbres del Tarter són els llocs més cars per viure
    - 2024-07-29 11:26:00 -> Els imprescindibles de Marc Torrent
    - 2024-07-29 06:22:00 -> De fora vingueren
       -> 21 comments
    - 2024-07-26 06:03:00 -> El Govern recuperarà la inversió en el projecte Grifols
       -> 7 comments
    - 2024-07-25 17:33:00 -> Govern recuperarà la inversió i els terrenys del laboratori de Grifols
    - 2024-07-24 12:54:00 -> La capital busca el suport del Govern per aixecar els pisos d’El Cedre
    - 2024-07-23 20:21:00 -> Andorra la Vella vol que el Govern se sumi al projecte dels pisos del Cedre
       -> 6 comments
    - 2024-07-21 06:08:00 -> “Els acords publicoprivats són la solució a l’habitatge a llarg termini”
       -> 11 comments
    - 2024-07-20 06:03:00 -> Els preus dels lloguers forcen a compartir pis
       -> 30 comments
    - 2024-07-19 05:55:00 -> El comú d’Andorra la Vella assumirà a fons perdut el 20% de la reforma dels pisos buits
       -> 9 comments
    - 2024-07-18 13:12:00 -> El comú d'Andorra la Vella subvencionarà el 20% de les reformes de pisos buits
       -> 26 comments
    - 2024-07-14 05:47:00 -> Espot assegura que el 70% dels pisos turístics es mantindran en funcionament
    - 2024-07-13 12:55:00 -> Espot afirma que l'objectiu és que el 30% dels pisos turístics siguin de lloguer residencial
       -> 2 comments
    - 2024-07-13 05:39:00 -> Els comuns tenen fins a l’octubre per entregar els estudis de càrrega
       -1 comment
    - 2024-07-12 05:50:00 -> El Govern dona ajuts per pagar el lloguer de l’habitatge a 624 persones grans
       -> 3 comments
CURRENT PAGE -> 6
URL: https://www.diariandorra.ad/search/6?query=habitatge ...
    - 2024-07-11 13:01:00 -> El 62% de les demandes rebudes pel raonador el 2023 van ser per habitatge
       -1 comment
    - 2024-07-11 05:20:00 -> Saps quina és la teva petjada de carboni personal?
    - 2024-07-09 05:48:00 -> El preu mitjà d’un habitatge de lloguer és de 23 euros per metre quadrat
       -> 39 comments
    - 2024-07-08 16:30:00 -> La coordinadora de l'habitatge demana alçar la veu contra les trampes i abusos amb el lloguer
       -> 5 comments
    - 2024-07-06 13:37:00 -> Els propietaris diuen que no posaran els pisos a set euros el metre quadrat
       -> 72 comments
    - 2024-07-06 06:54:00 -> “Hem parlat amb tots els propietaris i cap ni un ens ha dit que els entrarà a 7,5 euros el metre quadrat, que és ridícul”
    - 2024-07-06 06:39:00 -> Més verd i menys gris
    - 2024-07-04 12:22:00 -> Govern demana solucions al COA per utilitzar invitacions en el futur
       -> 9 comments
    - 2024-07-03 19:26:00 -> Canvis en el el reglament de l'INH per regularitzar la situació de Marta Alberch
    - 2024-07-03 19:01:00 -> Govern titlla de "contraproduent" la proposició de Concòrdia per evitar l'especulació
       -1 comment
    - 2024-07-03 18:14:00 -> Marsol no veu inconvenient en estendre l'obligació de declarar els béns als alts càrrecs
       -> 2 comments
    - 2024-07-03 05:33:00 -> Llista d’espera per accedir als pisos socials
       -> 6 comments
    - 2024-07-02 18:46:00 -> Marsol assegura que l'Institut d'Habitatge està cobrint les necessitats del país
    - 2024-07-02 05:44:00 -> La cessió obligatòria dels pisos buits només estarà activa tres anys
       -> 27 comments
    - 2024-07-01 12:31:00 -> Marsol justifica la cancel·lació del concert de Guetta per "qüestions de seguretat"
       -> 9 comments
    - 2024-07-01 11:59:00 -> Govern retornarà els pisos buits si no es lloguen en un termini de sis mesos a un any
       -> 10 comments
    - 2024-07-01 06:02:00 -> El coworking a Andorra
    - 2024-07-01 05:41:00 -> El comú de Sant Julià garantirà que el lloguer dels pisos tutelats és accessible
       -> 6 comments
--> SEARCHING TERM pisos ...
CURRENT PAGE -> 1
URL: https://www.diariandorra.ad/search/?query=pisos ...
    - 2024-09-27 06:08:00 -> Rastreig dels pisos turístics
       -1 comment
    - 2024-09-27 05:39:00 -> Adjudicat per 3,5 milions el nou centre per a la gent gran
    - 2024-09-26 17:55:00 -> Retrets de la minoria per la baixa execució d'inversions a la capital
       -> 4 comments
    - 2024-09-26 06:03:00 -> Setge als apartaments turístics fora de la llei
       -> 27 comments
    - 2024-09-25 19:14:00 -> Govern contractarà un sistema per identificar pisos turístics il·legals
       -> 5 comments
    - 2024-09-25 06:01:00 -> El centre de salut mental rep el vistiplau dels veïns
       -> 6 comments
    - 2024-09-25 05:59:00 -> Concòrdia vol limitar els permisos d’accés al país que atorga el Govern
       -> 23 comments
    - 2024-09-25 05:53:00 -> Protecció a Casa de la Vall i Sant Esteve
       -> 7 comments
    - 2024-09-24 13:06:00 -> Cultura detecta vint construccions "pertorbadores" a l'entorn de Casa de la Vall i Sant Esteve
       -> 27 comments
    - 2024-09-23 06:04:00 -> Les entitats lamenten “l’exili” dels pacients de salut mental
    - 2024-09-22 05:20:00 -> Una dècada tocant el cel
    - 2024-09-20 13:21:00 -> Andorra Endavant critica el discurs del cap de Govern i les mesures sobre l'habitatge
       -> 2 comments
CURRENT PAGE -> 2
URL: https://www.diariandorra.ad/search/2?query=pisos ...
    - 2024-09-20 06:06:00 -> Ingressats 25 adults en centres estrangers de salut mental
    - 2024-09-19 17:09:00 -> El SAAS té internats 25 adults en centres de salut mental estrangers
    - 2024-09-19 05:51:00 -> Oposició a la llei òmnibus
       -> 8 comments
    - 2024-09-19 05:42:00 -> Un llençol a cada bugada
    - 2024-09-18 05:44:00 -> Espot avisa que la intervenció dels pisos no té marxa enrere
       -> 43 comments
    - 2024-09-18 05:41:00 -> L’economia s’estabilitza el 2023 i creix per sobre de la zona euro
       -> 12 comments
    - 2024-09-17 05:43:00 -> Espot seguirà “passi el que passi” amb l’acord d’associació amb la UE
       -> 14 comments
    - 2024-09-13 06:47:00 -> Sempre han tingut bec
       -> 2 comments
    - 2024-09-13 06:30:00 -> Ronchera creu que “cap dona ha de mercantilitzar el seu cos”
       -> 18 comments
    - 2024-09-13 06:01:00 -> La llista d’espera per ingressar en una residència queda a zero
       -> 7 comments
    - 2024-09-12 17:24:00 -> Cap padrí en llista d'espera per entrar a la residència
       -> 2 comments
    - 2024-09-12 07:02:00 -> Semàfor, 12 de setembre
    - 2024-09-12 06:10:00 -> La policia investiga altres pisos on hi ha prostitució
       -> 50 comments
CURRENT PAGE -> 3
URL: https://www.diariandorra.ad/search/3?query=pisos ...
    - 2024-09-09 05:28:00 -> Conflicte amb els veïns pel nou centre de salut mental
       -> 9 comments
    - 2024-09-06 06:03:00 -> Bon agost turístic, amb el 86% d’ocupació
    - 2024-09-04 12:01:00 -> Els pisos de lloguer de la Solana s'entregaran sense moblar
       -> 7 comments
    - 2024-09-04 06:09:00 -> El símbol nacional del Japó
    - 2024-09-03 06:07:00 -> Solucionar un dèficit
       -> 5 comments
    - 2024-09-02 05:43:00 -> Nou procés per adjudicar l’estudi de viabilitat de l’antic hotel Pol
       -> 3 comments
    - 2024-09-01 06:05:00 -> Tres expedients sancionadors l’any passat per intrusisme en la venda de vehicles
    - 2024-09-01 06:01:00 -> L’atropellament mortal força canvis per guanyar seguretat
       -> 14 comments
    - 2024-08-31 13:17:00 -> Mor la dona atropellada davant l'hotel Font de Ferro
    - 2024-08-31 05:40:00 -> Afectació del trànsit només fins al novembre
    - 2024-08-30 05:50:00 -> Les obres a l’hotel Font de Ferro forcen canvis circulatoris a la CG-1
       -> 7 comments
    - 2024-08-29 11:33:00 -> Afectació del trànsit durant setze mesos a un tram de la CG1 per obres a l’hotel Font de Ferro
       -> 3 comments
    - 2024-08-29 06:11:00 -> Intervenir els pisos turístics
       -> 6 comments
    - 2024-08-29 05:57:00 -> 467 compravendes de pisos especulatives l’any passat
       -> 38 comments
    - 2024-08-28 06:07:00 -> De la importància de pensar en la localització dels equipaments
       -> 7 comments
    - 2024-08-28 05:51:00 -> Esmena a la totalitat d’AE a la llei òmnibus
       -> 24 comments
    - 2024-08-28 05:49:00 -> El Govern imposa 29 sancions a pisos turístics per incomplir la llei
       -> 17 comments
CURRENT PAGE -> 4
URL: https://www.diariandorra.ad/search/4?query=pisos ...
    - 2024-08-26 05:40:00 -> Surana vol ampliar el servei de circulació fins als 80 treballadors
       -> 3 comments
    - 2024-08-25 17:20:00 -> Losada assegura que el comú manté el contacte amb els inquilins dels pisos esquerdats
    - 2024-08-23 06:40:00 -> Ple suport a l’emancipació
       -1 comment
    - 2024-08-23 06:38:00 -> Preus i salaris
       -> 2 comments
    - 2024-08-23 05:58:00 -> Associació de joves critiquen la ubicació dels primers pisos socials
       -> 56 comments
    - 2024-08-21 06:40:00 -> El xou de la vinyeta
       -1 comment
    - 2024-08-20 12:21:00 -> Escaldes amplia la plaça de l’Església cap al carrer Estret
       -1 comment
    - 2024-08-19 06:04:00 -> Llogar un estudi a Canillo frega els 1.000 euros al mes
       -> 65 comments
    - 2024-08-18 06:39:00 -> Andorra i viure en 11 m2
    - 2024-08-11 06:20:00 -> La casa de ‘Don Giovanni’
       -1 comment
    - 2024-08-11 05:20:00 -> Visita a les colònies d'AINA, multes per pernoctar i pisos buits als set tuits
CURRENT PAGE -> 5
URL: https://www.diariandorra.ad/search/5?query=pisos ...
    - 2024-08-08 05:48:00 -> El Govern justifica l’excés d’hores extres el 2022 per la covid
       -> 7 comments
    - 2024-08-07 18:35:00 -> El Govern adjudica la redacció del projecte del segon edifici a la Borda Nova a Andorra la Vella
    - 2024-08-07 06:09:00 -> Clàssic, però imprescindible
       -1 comment
    - 2024-08-05 11:03:00 -> El preu mitjà dels pisos augmenta a 3.890 euros per metre quadrat
    - 2024-08-05 06:00:00 -> El Govern i la capital abordaran el futur dels pisos d’El Cedre
    - 2024-08-04 16:50:00 -> El Govern vol seguir col·laborant amb els comuns per resoldre el 'problema' de l'habitatge
       -> 4 comments
    - 2024-08-02 05:45:00 -> Vint propietaris interessats en la subvenció del programa Reviu
       -> 6 comments
    - 2024-08-01 18:48:00 -> El comú aprova un augment de deu minuts del temps màxim d’estacionament en zona comercial
    - 2024-07-31 05:59:00 -> Dolsa es vanta de ser el “culpable” que Grifols no vingui
       -> 30 comments
    - 2024-07-30 16:21:00 -> Andorra Endavant celebra "l'excel·lent notícia" de la cancel·lació de Grifols
       -> 9 comments
    - 2024-07-30 06:50:00 -> Una llei d’impacte
       -1 comment
CURRENT PAGE -> 6
URL: https://www.diariandorra.ad/search/6?query=pisos ...
    - 2024-07-27 11:06:00 -> Escaldes inaugura la font amb banyeres, símbol de la renovació de la part alta
       -> 19 comments
    - 2024-07-25 06:04:00 -> El Govern només acceptarà factures en línia
    - 2024-07-24 17:58:00 -> Govern estudiarà de quina manera participar en el projecte de pisos del Cedre
    - 2024-07-24 10:48:00 -> El comú amplia la deixalleria per fer-la més eficient
    - 2024-07-21 06:43:00 -> Turistes mullats
       -> 2 comments
    - 2024-07-20 06:39:00 -> 304
       -> 2 comments
    - 2024-07-19 06:43:00 -> Efectivitat i efectisme
       -> 2 comments
    - 2024-07-17 06:32:00 -> Nous rècords de turisme
       -> 4 comments
    - 2024-07-13 06:33:00 -> “DA ha fet un tomb més a l’esquerra del que els seus votants pensaven”
       -> 23 comments
    - 2024-07-10 06:18:00 -> Turistes ‘go home’
CURRENT PAGE -> 7
URL: https://www.diariandorra.ad/search/7?query=pisos ...
    - 2024-07-10 06:07:00 -> Noranta casos més de violència de gènere
       -> 17 comments
    - 2024-07-09 14:59:00 -> Recuperat el servei d'internet a Encamp i el Pas de la Casa després d'una avaria
       -> 2 comments
    - 2024-07-09 06:01:00 -> Dependència del turisme
       -> 2 comments
    - 2024-07-08 18:04:00 -> Un portal immobiliari situa el preu mitjà del lloguer al Principat en 2.700 euros
       -> 8 comments
    - 2024-07-03 05:54:00 -> Combatre l’exclusió
       -1 comment
    - 2024-07-01 05:44:00 -> L’arribada d’immigrants d’Andorra alerta Espanya
       -> 76 comments
--> SEARCHING TERM lloguer ...
CURRENT PAGE -> 1
URL: https://www.diariandorra.ad/search/?query=lloguer ...
    - 2024-09-26 13:59:00 -> La propietat de la Borda Mateu trenca les negociacions amb l'FC Andorra per l'estadi
       -> 70 comments
    - 2024-09-26 05:53:00 -> Les ajudes ocasionals es mengen la resta de subvencions d’Afers Socials
       -> 11 comments
    - 2024-09-25 13:04:00 -> Afers Socials atorga 1.330 noves prestacions durant el primer trimestre
       -> 13 comments
    - 2024-09-23 06:44:00 -> Carta oberta als dirigents del nostre país
    - 2024-09-23 06:06:00 -> La distància entre farmàcies s’anul·la si es tracta d’un trasllat forçós
       -> 4 comments
CURRENT PAGE -> 2
URL: https://www.diariandorra.ad/search/2?query=lloguer ...
    - 2024-09-20 06:11:00 -> Un sector dels farmacèutics advoca per vincular les obertures als quarts
       -> 3 comments
    - 2024-09-19 19:25:00 -> Andorra Endavant demana a Govern si el nou centre de salut mental té l'autorització veïnal
    - 2024-09-19 14:48:00 -> La Massana tindrà un Centre de Dia per a la gent gran gràcies a un conveni amb la Creu Roja
    - 2024-09-18 05:51:00 -> Cicland projecta tancar l’any amb uns 36.000 desplaçaments
       -> 6 comments
    - 2024-09-18 05:46:00 -> Els fills es queden a casa
       -> 2 comments
    - 2024-09-15 06:04:00 -> La llibreria i la pell
       -1 comment
    - 2024-09-07 06:04:00 -> Macron anuncia ajudes per als estudiants andorrans a França
       -1 comment
CURRENT PAGE -> 3
URL: https://www.diariandorra.ad/search/3?query=lloguer ...
    - 2024-08-28 06:08:00 -> A l’elit de la BTT
    - 2024-08-27 06:08:00 -> L’encant de les cases cova
       -1 comment
    - 2024-08-24 05:38:00 -> El comú aprovarà incentius fiscals per al lloguer assequible
       -> 9 comments
    - 2024-08-22 06:35:00 -> “Al país trobo a faltar llocs on es faci música en directe”
       -> 13 comments
CURRENT PAGE -> 4
URL: https://www.diariandorra.ad/search/4?query=lloguer ...
    - 2024-08-17 06:44:00 -> Pel que em queda...
    - 2024-08-15 06:42:00 -> Turistes que no compren
    - 2024-08-15 06:09:00 -> El comerç alerta que les vendes van a la baixa
       -> 57 comments
    - 2024-08-12 13:12:00 -> El Govern atorga 122 ajuts al lloguer en el primer trimestre
       -> 4 comments
    - 2024-08-10 05:35:00 -> La capital impulsa el preu del lloguer d’establiments
       -> 8 comments
    - 2024-08-10 05:32:00 -> El comú habilita trenta places de zona blava prop de l’hospital
       -> 5 comments
    - 2024-08-06 05:45:00 -> Divisió al sector farmacèutic per la regulació de l’obertura d’establiments
       -> 3 comments
    - 2024-08-05 06:21:00 -> La botiga Party Fiesta esquiva el tancament de la cadena
       -> 2 comments
    - 2024-08-03 05:58:00 -> El repte del volcà
CURRENT PAGE -> 5
URL: https://www.diariandorra.ad/search/5?query=lloguer ...
    - 2024-08-01 06:11:00 -> El paradís del Mediterrani
       -> 2 comments
    - 2024-08-01 05:41:00 -> La restauració s’expandeix en locals abans ocupats per botigues
       -> 17 comments
    - 2024-07-31 05:57:00 -> “No sé res del meu amic”
    - 2024-07-26 14:46:00 -> Novetat i tradició s'ajunten pel ball de Santa Anna
    - 2024-07-26 05:50:00 -> Preocupació de restaurants i petits comerços del Pas per la caiguda de clients
    - 2024-07-25 10:31:00 -> Preocupació en el comerç del Pas de la Casa per la davallada de les vendes
       -1 comment
    - 2024-07-25 05:47:00 -> El Palau de Gel va tenir l’any passat unes pèrdues d’1,1 milions
       -> 6 comments
    - 2024-07-24 11:26:00 -> Més de 70.000 euros per al muntatge i retransmissió de l'Andorra Taste
    - 2024-07-24 06:40:00 -> País de ciclisme
       -> 9 comments
    - 2024-07-22 12:13:00 -> La invasió dels ‘campers’
       -> 64 comments
CURRENT PAGE -> 6
URL: https://www.diariandorra.ad/search/6?query=lloguer ...
    - 2024-07-11 18:13:00 -> 624 persones grans reben un ajut de Govern per pagar el lloguer
       -> 5 comments
    - 2024-07-04 16:42:00 -> Andorra accepta un nou article de la Carta Social Europea
       -> 2 comments
    - 2024-07-03 05:45:00 -> Futbol vs. rugbi
       -> 3 comments
Resulting dataset stored as -> data/scrapes/HABITATGE/20240928_HABITATGE_articles.csv
Resulting comments dataset stored as -> data/scrapes/HABITATGE/20240928_HABITATGE_comments.csv

Total execution time: 1271.202(21.187 minutes)
