Traceback (most recent call last):
  File "/Users/emmajuansalazar/arxius/projects/andorra-sentiment-analyst/crawler/scraper.py", line 439, in numbered_pages_current_page
    dict_articles, dict_comments = self.add_article.add_article_to_dict(journal,
                                   ^^^^^^^^^^^^^^^^^^^^^^^^^^^^^^^^^^^^^^^^^^^^^
  File "/Users/emmajuansalazar/arxius/projects/andorra-sentiment-analyst/crawler/scraper.py", line 55, in add_article_to_dict
    category = self.parser.get_category(journal, article, soup)
               ^^^^^^^^^^^^^^^^^^^^^^^^^^^^^^^^^^^^^^^^^^^^^^^^
  File "/Users/emmajuansalazar/arxius/projects/andorra-sentiment-analyst/crawler/parser.py", line 129, in get_category
    category = article.p.a.string
               ^^^^^^^^^^^^^^^^^^
AttributeError: 'NoneType' object has no attribute 'string'
Getting input files from data/scrapes/HOT_TOPICS_2/
Storing results as -> data/scrapes/HOT_TOPICS_2/20240929_HOT_TOPICS_articles.csv
Storing articles in -> data/scrapes/HOT_TOPICS_2/articles/
----------------------------------------------------------------------------------
Searching articles with the following search terms: ['europa', 'unió europea', "acord d'associació", 'pensions', 'CASS', 'català', 'llengua', 'avortament', 'dones', 'habitatge', 'lloguer', 'inversió extrangera']
Searching articles between 2024-09-01 - 00:00 and 2024-09-29 - 15:41
----------------------------------------------------------------------------------
Searching at L'Altaveu
--> SEARCHING TERM europa ...
CURRENT PAGE -> 1
URL: https://www.altaveu.com/cercador.html?search=europa ...
    - 2024-09-28 18:52:00 -> Jordina Caminal s’emporta la Copa de Sud-Amèrica i tindrà un dorsal privilegiat a les Copes d’Europa
    - 2024-09-16 17:53:00 -> SDP advoca per un espai transversal de centre progressista perquè Andorra trobi el seu lloc a Europa
       -> 2 comments
    - 2024-09-08 12:27:00 -> Acord en cercar “consens” i “confluències” sobre habitatge i Europa, que marcaran el curs polític
       -> 3 comments
    - 2024-09-05 10:44:00 -> Pas endavant del conveni del Consell d’Europa sobre Intel·ligència Artificial ja signat per Andorra
       -> 2 comments
--> SEARCHING TERM unió europea ...
CURRENT PAGE -> 1
URL: https://www.altaveu.com/cercador.html?search=unió+europea ...
--> SEARCHING TERM acord d'associació ...
CURRENT PAGE -> 1
URL: https://www.altaveu.com/cercador.html?search=acord+d'associació ...
    - 2024-09-26 20:46:00 -> Espot confia en el suport d’Espanya i Portugal per evitar que l’acord d’associació es declari mixt
       -> 4 comments
    - 2024-09-25 10:44:00 -> Més de 174.000 euros per a un cub de pantalles LED per resoldre els dubtes de l’acord d’associació
       -> 17 comments
    - 2024-09-20 20:56:00 -> L’Elisi assegura que l’acord d’associació “no comportarà un tsunami d’immigració”
       -> 31 comments
    - 2024-09-19 16:45:00 -> La decisió sobre si l’acord d’associació és mixt o no podria arribar “abans de finals d’octubre”
--> SEARCHING TERM pensions ...
CURRENT PAGE -> 1
URL: https://www.altaveu.com/cercador.html?search=pensions ...
    - 2024-09-24 17:14:00 -> El PS vol que les pensions dels residents a l’estranger també s’apugin amb l’IPC andorrà
    - 2024-09-04 10:41:00 -> Justícia, cossos especials i assimilats només tindran una candidatura per triar pel pla de pensions
    - 2024-09-02 19:31:00 -> L’Elisi avala que les pensions dels no residents s’actualitzin amb l’IPC europeu harmonitzat
       -> 3 comments
--> SEARCHING TERM CASS ...
CURRENT PAGE -> 1
URL: https://www.altaveu.com/cercador.html?search=CASS ...
    - 2024-09-25 16:40:00 -> La CASS tanca el primer semestre amb un dèficit sanitari de 15,7 milions d’euros
       -> 14 comments
--> SEARCHING TERM català ...
CURRENT PAGE -> 1
URL: https://www.altaveu.com/cercador.html?search=català ...
    - 2024-09-28 17:58:00 -> Més gent i més vendes de literatura andorrana a la Setmana del Llibre en Català de Barcelona
       -> 2 comments
    - 2024-09-20 13:53:00 -> Prop de 200 obres d’Andorra i el Pirineu a la Setmana del llibre en català
    - 2024-09-19 07:30:00 -> L’estratègia darrere el vot
       -> 2 comments
    - 2024-09-18 21:53:00 -> El català fa tombar els concursos per trobar sotsoficial i caporals de circulació a Andorra la Vella
       -> 18 comments
    - 2024-09-15 21:31:00 -> Català fet a mida?
       -> 17 comments
    - 2024-09-06 19:07:00 -> ‘Casa en flames’ i les pel·lícules infantils, els grans èxits en català dels darrers temps
    - 2024-09-06 13:02:00 -> Sant Julià voldria ubicar el nou Centre de Català al Centre Cultural i de Congressos
       -> 3 comments
    - 2024-09-03 19:47:00 -> El català enganxa
       -> 15 comments
--> SEARCHING TERM llengua ...
CURRENT PAGE -> 1
URL: https://www.altaveu.com/cercador.html?search=llengua ...
--> SEARCHING TERM avortament ...
CURRENT PAGE -> 1
URL: https://www.altaveu.com/cercador.html?search=avortament ...
    - 2024-09-28 14:49:00 -> L’Institut de les Dones considera “innegociable” un “avortament lliure, segur i gratuït”
       -> 9 comments
    - 2024-09-28 10:57:00 -> Espot comparteix amb Parolin els avenços en relació al joc d’equilibris sobre l’avortament
       -> 3 comments
    - 2024-09-26 12:21:00 -> Campanya d’Stop Violències per denunciar la situació de l’avortament a Andorra
       -> 6 comments
    - 2024-09-19 18:41:00 -> Concòrdia denuncia “el bloqueig” que s’està aplicant als avenços amb l’avortament
    - 2024-09-10 18:56:00 -> Concòrdia vol que Govern aclareixi si preveu la legalització de l’avortament a Andorra
       -> 2 comments
--> SEARCHING TERM dones ...
CURRENT PAGE -> 1
URL: https://www.altaveu.com/cercador.html?search=dones ...

--> There was an error crawling in journal altaveu
ERROR MESSAGE:
'NoneType' object has no attribute 'string'


--> SEARCHING TERM habitatge ...
CURRENT PAGE -> 1
URL: https://www.altaveu.com/cercador.html?search=habitatge ...
    - 2024-09-29 13:03:00 -> La Coordinadora per l’Habitatge denuncia que la llei òmnibus pretén protegir les elits nacionals
       -> 2 comments
    - 2024-09-24 18:48:00 -> La problemàtica de l’habitatge fa caure les sol·licituds d’ajuts per a l’emancipació dels joves
       -> 4 comments
    - 2024-09-23 12:26:00 -> El valor de la hipoteca mitjana per comprar un habitatge se situa en 310.000 euros
       -1 comment
    - 2024-09-20 11:43:00 -> La Coordinadora de l’Habitatge calcula que el 2023 hi va haver 950 casos reals de trampes i abusos
       -> 5 comments
    - 2024-09-12 19:18:00 -> Concòrdia i PS fan servir l’informe del Raonador per criticar la política d’habitatge del Govern
    - 2024-09-10 15:25:00 -> Els comuns volen un “rol preponderant i d’iniciativa” per aportar solucions en matèria d’habitatge
       -> 6 comments
    - 2024-09-08 10:19:00 -> El síndic demana “accions concretes i resultats tangibles” per afrontar la crisi de l’habitatge
       -> 18 comments
    - 2024-09-05 17:46:00 -> Designacions ‘exprés’ a l’Institut de l’Habitatge per evitar un bloqueig
       -1 comment
    - 2024-09-03 22:00:00 -> Un dels ‘arquitectes de moda’ del país representarà els comuns a l’Institut Nacional de l’Habitatge
       -> 3 comments
CURRENT PAGE -> 2
URL: https://www.altaveu.com/cercador.html?search=habitatge&_page=2 ...
--> SEARCHING TERM lloguer ...
CURRENT PAGE -> 1
URL: https://www.altaveu.com/cercador.html?search=lloguer ...
    - 2024-09-20 09:01:00 -> La ‘trampa del fill’ o increments de lloguer abusius són les ‘armes’ de l’assetjament immobiliari
       -> 20 comments
    - 2024-09-16 13:46:00 -> Andorra la Vella, Sant Julià, Canillo i el Pas tindran pisos públics de lloguer assequible enguany
       -> 8 comments
    - 2024-09-04 11:12:00 -> Els pisos de lloguer del Pas s’adjudicaran sense moblar durant la primera quinzena del mes vinent
       -> 13 comments
--> SEARCHING TERM inversió extrangera ...
CURRENT PAGE -> 1
URL: https://www.altaveu.com/cercador.html?search=inversió+extrangera ...
----------------------------------------------------------------------------------
Searching at Bondia.ad
--> SEARCHING TERM europa ...
URL: https://www.bondia.ad/cercador?search=europa ...
CURRENT PAGE -> 1
    - 2024-09-26 16:23:59 -> Proven un biocida biodegradable a l'Aran per actuar contra espècies invasores
    - 2024-09-25 11:36:00 -> Andorra i Montenegro signen un conveni per evitar la doble imposició
    - 2024-09-24 20:36:03 -> El Pla Nacional de Joventut,  llest aquest any, i la llei, el 2025
    - 2024-09-24 13:07:50 -> El director comercial d'Air Nostrum diu que la connexió regular amb Palma és "un desafiament"
    - 2024-09-24 00:00:03 -> Carlos Mejía, tercer M20 al Campionat d’Europa
    - 2024-09-23 20:52:44 -> Ficció amb ciència
       -1 comment
    - 2024-09-23 17:49:18 -> El síndic visita Armènia per potenciar la política exterior i el turisme
       -1 comment
    - 2024-09-23 02:00:03 -> Imma Tor: “Cada vegada que hi ha trobades amb països de la UE, l’acord és el tema estrella”
    - 2024-09-19 00:00:02 -> UE Santa Coloma, supercampiona
    - 2024-09-18 20:49:02 -> Nova selecció de candidats per al TEDH
    - 2024-09-17 20:17:01 -> La Cambra vol tenir veu en les decisions dins l’acord amb la UE
    - 2024-09-17 00:00:04 -> “La Bicianciana és una petita família que es retroba a la tardor”
    - 2024-09-16 20:36:22 -> Progressistes-SDP es resitua amb la "construcció d'un espai transversal del centre progressista"
    - 2024-09-16 19:45:42 -> Espot reivindica el seu lideratge i diu que hi ha una sèrie "d'imponderables" sobre la data del referèndum de la UE
    - 2024-09-16 12:46:00 -> Quatre ors olímpics a Encamp
    - 2024-09-16 00:00:04 -> “En diem bols tibetans però són cantors, de tibetans no en tenen res”
    - 2024-09-15 22:15:03 -> Velles, incansables i necessàries
    - 2024-09-12 21:00:00 -> El sector financer demana canvis legals “clars” i fets “d’una sola vegada”
    - 2024-09-12 12:53:27 -> L'AR+I presenta els resultats de dues investigacions sobre l'increment de temperatures i els episodis d'inversió tèrmica
    - 2024-09-12 01:45:04 -> Pancho Saula: “Ens entenem formalment, però hi ha camí a recórrer en el negoci”
CURRENT PAGE -> 2
    - 2024-09-12 00:00:04 -> Torna a casa
    - 2024-09-10 11:00:03 -> Les xarxes d’evasió i el retorn del romànic, dues de les propostes de les Jornades Europees del Patrimoni
       -1 comment
    - 2024-09-10 00:00:02 -> Jordina Caminal  tindrà millor dorsal  en Copa d’Europa
    - 2024-09-09 19:25:13 -> Andorra i Eslovènia estableixen un full de ruta per intensificar la col·laboració en diversos àmbits
    - 2024-09-05 13:35:10 -> Andorra signa el conveni sobre intel·ligència artificial d’Europa
    - 2024-09-05 00:00:02 -> Malta tampoc perdonarà
    - 2024-09-04 00:00:02 -> Jordi Ginebra: “Al segle XIII ja van quedar fixats els límits de la llengua catalana, fins avui”
    - 2024-09-03 18:00:00 -> Hongria continua frenant l'oficialitat del català a Europa
    - 2024-09-03 00:00:03 -> Serni Ribera, 22è a l’Europeu sub-18 de Praga
--> SEARCHING TERM unió europea ...
URL: https://www.bondia.ad/cercador?search=unió+europea ...
CURRENT PAGE -> 1
--> SEARCHING TERM acord d'associació ...
URL: https://www.bondia.ad/cercador?search=acord+d'associació ...
CURRENT PAGE -> 1
--> SEARCHING TERM pensions ...
URL: https://www.bondia.ad/cercador?search=pensions ...
CURRENT PAGE -> 1
    - 2024-09-26 00:05:04 -> La branca general de la CASS tanca el primer semestre amb un dèficit de 15,7 milions d'euros
       -1 comment
    - 2024-09-25 13:42:22 -> Afers Socials atorga 1.330 noves prestacions el primer trimestre del 2024
       -> 2 comments
    - 2024-09-24 20:08:00 -> Esmena del PS per l’IPC de les pensions dels no residents
    - 2024-09-19 11:28:16 -> Fins a 14 persones demanen prestacions per discapacitat el primer trimestre
    - 2024-09-16 02:00:01 -> La gent gran vol un augment de les pensions d’entre el 3,5 i el 4%
--> SEARCHING TERM CASS ...
URL: https://www.bondia.ad/cercador?search=CASS ...
CURRENT PAGE -> 1
    - 2024-09-26 17:01:46 -> L’ex Fiscal General davant la Cort de Cassació francesa parla de l'ètica judicial i els mitjans de comunicació
    - 2024-09-26 00:00:04 -> “Seixanta euros pot ser poc per a un europeu, al Vietnam canvien vides”
    - 2024-09-25 20:38:09 -> Andorra la Vella engega la Discojove, una proposta del Consell de Joves
    - 2024-09-24 01:00:02 -> Estellés clandestí
    - 2024-09-19 21:41:23 -> S’avança en l’avortament, però “amb màxima discreció”
       -1 comment
    - 2024-09-19 19:47:43 -> Cribratges a les escoles a partir de 6 anys per detectar trastorns
    - 2024-09-18 20:41:54 -> La CASS tornarà fins a 825 euros per audiòfon
       -> 2 comments
    - 2024-09-18 20:01:19 -> Clam contra la llei òmnibus
    - 2024-09-17 22:50:03 -> Art a l’exili: difícil, però no impossible
    - 2024-09-16 12:22:17 -> L'endeutament públic disminueix un 0,6% l'any passat
    - 2024-09-16 01:00:04 -> Les morts per registrar
    - 2024-09-12 11:26:35 -> El salari mitjà del mes de juliol se situa en 2.544 euros, un 7,4% més que un any enrere
    - 2024-09-11 22:25:02 -> El Fargo, a la recta final (per fi)
       -1 comment
    - 2024-09-11 00:00:02 -> Nova vida per a Sant Domènec?
    - 2024-09-10 12:00:00 -> Els quatre càrrecs directius del SAAS no cobren hores extres per contracte
    - 2024-09-09 02:00:03 -> El pont de la Tosca, per fi
    - 2024-09-03 02:00:02 -> Andosina del Neolític busca cara
CURRENT PAGE -> 2
    - 2024-09-02 16:32:04 -> El PS denuncia l'incompliment dels terminis previstos per l'Estatut de l'Artista
       -1 comment
--> SEARCHING TERM català ...
URL: https://www.bondia.ad/cercador?search=català ...
CURRENT PAGE -> 1
    - 2024-09-27 00:00:03 -> L’Andorra HC fa doble jornada en l’estrena
    - 2024-09-25 23:50:03 -> Els titelles es fan grans
    - 2024-09-25 00:15:03 -> Bonell retarda a la tardor de l’any que ve el trasllat de l’Arxiu al Rosaleda
    - 2024-09-25 00:00:03 -> “Un objectiu a llarg termini serà convertir l’equip en nivell UCI”
       -1 comment
    - 2024-09-24 19:37:41 -> Dotze pisos a Cal Pensament
    - 2024-09-23 00:00:04 -> El somni europeu deixa dubtes
    - 2024-09-21 21:59:00 -> El bisbe que ve a servir
    - 2024-09-21 21:09:45 -> Gratis et amore
    - 2024-09-21 20:35:00 -> Vives veu en Serrano un “bon copríncep” i també “un bon pastor”
    - 2024-09-20 01:00:04 -> L’agonia del galerisme tradicional
    - 2024-09-19 13:47:53 -> Carme Ruscalleda: “A Andorra hi ha cultura, caràcter i singularitat”
    - 2024-09-19 01:30:02 -> Quim Masferrer: “Em canso més amb el ‘Bona gent’ que amb un espectacle amb guió”
    - 2024-09-18 16:55:03 -> El Comú descarta ara traslladar les instal·lacions de la Llacuna
    - 2024-09-18 01:00:04 -> La dansa tradicional i la contemporània es fusionen a Contradans
CURRENT PAGE -> 2
    - 2024-09-17 19:26:07 -> Campanya de donació de sang a l'UdA
    - 2024-09-13 00:00:04 -> Bon test per a la Champions
    - 2024-09-12 20:38:46 -> Experts catalans i andorrans aposten per potenciar l’activitat primària per evitar els incendis de sisena generació
    - 2024-09-12 15:27:19 -> El BC MoraBanc, en cas de guanyar al Barça avui, ja ha demanat a la federació catalana l'ajornament de la final
    - 2024-09-11 21:09:46 -> Gili retarda fins a finals d’any la fi de l’aparcament de l’Església
    - 2024-09-11 15:23:03 -> El BC MoraBanc desperta a temps i supera al Bàsquet Girona a l'inici de la Lliga Catalana ACB
    - 2024-09-11 12:12:27 -> La farsa burlesca de l’Ossa d’Ordino es representarà a Barcelona
    - 2024-09-11 11:56:09 -> Cultura adjudica la campanya per difondre la llei del català
    - 2024-09-10 23:25:03 -> ‘El mal donat’, d’Hèctor Mas i Alfons Casal, es cola al festival de Sitges
    - 2024-09-09 18:35:03 -> La Universitat d'Andorra es posa en marxa amb les sessions d'acollida dels alumnes
    - 2024-09-09 00:00:01 -> El MoraBanc arriba a la Lliga Catalana amb derrota
CURRENT PAGE -> 3
    - 2024-09-06 00:00:02 -> Superar els 2.700 abonats, la fita
    - 2024-09-05 21:40:03 -> La visita gratuïta als frescos de Sant Esteve, fins al 30 d’octubre
    - 2024-09-04 20:36:59 -> Casal desdramatitza l’allau d’inscripcions als cursos presencials de català
    - 2024-09-04 01:00:03 -> Mique Lladó: el vici d’escriure
--> SEARCHING TERM llengua ...
URL: https://www.bondia.ad/cercador?search=llengua ...
CURRENT PAGE -> 1
    - 2024-09-26 12:54:52 -> Agricultura finalitza la vacunació de la cabana ramadera ovina i bovina per la llengua blava
    - 2024-09-26 09:00:00 -> Nova campanya per trencar l’estigma i parlar de salut mental
    - 2024-09-16 22:15:04 -> Gols de ferro
    - 2024-09-10 20:15:00 -> Actiu el telèfon 177 de prevenció del suïcidi: “gratuït i confidencial”
    - 2024-09-09 19:35:00 -> Un miler de participants al programa 'A ritme d'estiu' de Sant Julià de Lòria
    - 2024-09-09 18:00:00 -> El cost de l’habitatge, “un enemic” per atraure mestres
       -1 comment
    - 2024-09-05 02:00:03 -> Cabanes afronta la caça de l’isard amb una “tranquil·litat relativa”
    - 2024-09-04 22:20:03 -> Neollengua igualitària: una guia exprés
       -> 2 comments
    - 2024-09-02 00:00:04 -> Copa del Món el 2025 i el 2026
--> SEARCHING TERM avortament ...
URL: https://www.bondia.ad/cercador?search=avortament ...
CURRENT PAGE -> 1
    - 2024-09-26 21:49:54 -> Andorra aposta perquè Àfrica  sigui al Consell de Seguretat
    - 2024-09-21 20:18:26 -> Els grups parlamentaris esperen abordar temes amb el nou bisbe
    - 2024-09-10 20:20:00 -> Concòrdia vol saber si es tanca la porta a legalitzar l’avortament
    - 2024-09-08 20:40:00 -> Relleu “tranquil” i “fratern”
    - 2024-09-02 01:00:03 -> Xavier Surana: “Està venint gent a  picar-nos a la porta d’altres partits polítics”
--> SEARCHING TERM dones ...
URL: https://www.bondia.ad/cercador?search=dones ...
CURRENT PAGE -> 1
    - 2024-09-27 01:00:04 -> Jonathan López-Vera: “A l’elit política del Japó hi ha molts descendents de samurais”
    - 2024-09-26 11:23:49 -> Suport d’Andorra a la representant especial de les Nacions Unides per als infants i els conflictes armats
    - 2024-09-25 11:52:05 -> Campanya de l'IAD i la CCIS per incorporar la igualtat a la gestió empresarial
    - 2024-09-24 18:24:00 -> El repte de fer front als impactes que amenacen les reserves de biosfera de muntanya
    - 2024-09-24 12:16:41 -> Andorra s’adhereix al Pacte per al Futur de les Nacions Unides
    - 2024-09-23 01:00:04 -> Pau Castell, historiador: “El Pirineu és a la Zona Zero del bressol de la cacera de bruixes”
       -1 comment
    - 2024-09-22 21:36:00 -> Andorra i Letònia signen el conveni per eliminar la doble imposició
    - 2024-09-21 11:00:00 -> Detingudes dues dones per estafar amb un negoci fictici de compravenda de vehicles
    - 2024-09-19 11:49:58 -> Les vendes en grans superfícies cauen un 7,4% al juliol respecte un any enere
    - 2024-09-18 00:00:03 -> “Hem fet un joc sobre Andorra per gaudir en família, lluny dels mòbils”
    - 2024-09-16 22:20:03 -> L’ONCA també toca la tecla de gènere amb ‘En clau femenina’
    - 2024-09-16 12:28:08 -> L'atur es manté estable i se situa en l'1,4% en el segon trimestre
       -1 comment
    - 2024-09-15 16:50:51 -> Música pal·liativa
CURRENT PAGE -> 2
    - 2024-09-10 19:50:00 -> Els comuns volen agafar un nou rol més “preponderant” a l’INH
    - 2024-09-08 16:00:00 -> Tallers de nutrició, benestar emocional i psicologia a l'Empodera't
    - 2024-09-04 04:00:00 -> FEDA tanca les Nits d'Estiu 2024 amb rècord d'assistència mitjana
    - 2024-09-03 13:40:00 -> Tor advoca per un multilateralisme més inclusiu
--> SEARCHING TERM habitatge ...
URL: https://www.bondia.ad/cercador?search=habitatge ...
CURRENT PAGE -> 1
    - 2024-09-26 21:00:19 -> Astrié retreu la falta d’inversió i manca de resultats en habitatge
       -1 comment
    - 2024-09-26 17:56:19 -> El Govern i Ski Andorra formalitzen la col·laboració en matèria formativa i de prevenció de riscos del personal de les pistes
    - 2024-09-25 20:40:49 -> Adjudicats els treballs d’un  nou tram del vial de la Massana
    - 2024-09-25 13:44:00 -> Andorra Endavant avisa que "fer política no és jugar al Monopoly" i lamenta que es "legisli a cegues"
    - 2024-09-24 18:57:00 -> Concòrdia vol un màxim anual d’autoritzacions d’immigració
    - 2024-09-23 11:59:52 -> Neix la plataforma Pirineu Viu per denunciar del “monocultiu turístic”
       -> 2 comments
    - 2024-09-23 11:59:00 -> L'Institut Nacional de l'Habitatge rep el segell Llum Verda de FEDA
    - 2024-09-23 11:55:46 -> Augmenten les hipoteques concedides en un 15,5% el primer semestre
    - 2024-09-19 21:38:19 -> Marsol diu que l’economia real creix, “i el poder adquisitiu també”
    - 2024-09-19 20:57:00 -> Espot demana “generositat” al sector immobiliari i la construcció
    - 2024-09-19 13:43:17 -> L'edifici dels Arcs també serà centre de dia per a gent gran
    - 2024-09-18 16:24:44 -> El PS s'interessa per la gestióde les zones de riscos naturals i geotècnics
    - 2024-09-17 19:53:26 -> La llei òmnibus és el “full de ruta definitiu per aquesta legislatura”
CURRENT PAGE -> 2
    - 2024-09-17 01:00:04 -> La CEA demana flexibilitzar de nou l’arribada d’alguns treballadors
       -> 3 comments
    - 2024-09-16 17:46:56 -> Carburant, habitatge, aliments i roba fan baixar l’IPC al 2,1%
    - 2024-09-15 17:16:50 -> El primer dia de classe faltaven per cobrir deu places de professors
    - 2024-09-12 20:13:23 -> L’oposició reclama de nou mesures “valentes” en habitatge
    - 2024-09-11 21:28:38 -> Demòcrates celebrarà el seu congrés el 27 de novembre
    - 2024-09-11 20:20:37 -> L’impost sobre la inversió estrangera immobiliària recapta més de 6,5 milions
    - 2024-09-11 20:00:00 -> Espot confia que el proper conveni d'habitatge sigui amb el Comú de la capital
    - 2024-09-11 13:55:00 -> El Govern finançarà amb cinc milions els pisos per a la gent gran de Sant Julià
       -1 comment
    - 2024-09-11 11:46:23 -> Concurs pels treballs de rehabilitació i posada en valor de l'hotel Casamanya
    - 2024-09-08 21:39:20 -> Espot obre la porta a “posposar” la consulta per l’acord amb la UE
    - 2024-09-08 21:08:14 -> Crida a un debat sobre la UE en termes “més racionals”
    - 2024-09-05 20:00:00 -> Ginjaume, representant dels comuns a l’INH
    - 2024-09-04 12:55:00 -> L'adjudicació dels pisos de lloguer assequible del Pas es farà a inicis d'octubre
       -1 comment
CURRENT PAGE -> 3
    - 2024-09-02 11:18:47 -> L'IPC avançat de l'agost baixa nou dècimes i se situa al 2,1%
--> SEARCHING TERM lloguer ...
URL: https://www.bondia.ad/cercador?search=lloguer ...
CURRENT PAGE -> 1
    - 2024-09-26 13:34:35 -> Dos projectes a la brossa
    - 2024-09-25 20:11:44 -> 174.500 euros per a un cub de pantalles per explicar l’Acord
CURRENT PAGE -> 2
--> SEARCHING TERM inversió extrangera ...
URL: https://www.bondia.ad/cercador?search=inversió+extrangera ...
CURRENT PAGE -> 1
----------------------------------------------------------------------------------
Searching at Diari d'Andorra
--> SEARCHING TERM europa ...
CURRENT PAGE -> 1
URL: https://www.diariandorra.ad/search/?query=europa ...
    - 2024-09-29 06:04:00 -> El 2025 tornen les subvencions culturals de l’SDADV
    - 2024-09-29 05:52:00 -> Creixement moderat
    - 2024-09-28 05:33:00 -> La FIS proposa Andorra per a dues Copes del Món
       -1 comment
    - 2024-09-27 06:42:00 -> Disney+ posa límits
    - 2024-09-27 06:31:00 -> L’optimisme torna a les borses europees
    - 2024-09-27 05:47:00 -> Salut mental atén més de 3.000 adults el 2023
       -> 8 comments
    - 2024-09-27 05:26:00 -> Xavi Cardelús afronta el Gran Premi d’Indonèsia
    - 2024-09-26 06:12:00 -> MoraBanc participa en l’European Blockchain
    - 2024-09-25 07:00:00 -> Andorra, casa nostra
       -> 60 comments
    - 2024-09-24 06:16:00 -> El PMI alemany i el francès arrosseguen Europa
    - 2024-09-23 17:49:00 -> Ensenyat tracta amb el seu homòleg d'Armènia com millorar la cooperació
    - 2024-09-23 06:09:00 -> Les exportacions als mercats americans i asiàtics es disparen
       -> 10 comments
    - 2024-09-22 07:06:00 -> La Setmana més incerta, també amb presència andorrana
    - 2024-09-22 05:36:00 -> El MoraBanc vol passar pàgina d’Europa per centrar-se en l’ACB
    - 2024-09-21 17:21:00 -> Europa tendeix a la compra de productes locals
       -1 comment
    - 2024-09-21 17:16:00 -> Tardor amb precipitacions regulars i anomalia climàtica
       -> 2 comments
    - 2024-09-21 11:36:00 -> El MoraBanc cau davant el Bonn i diu adeu a Europa
       -1 comment
    - 2024-09-21 11:32:00 -> Strzoda defensa l’acord d’associació i alerta dels riscos de rebutjar-lo
       -> 30 comments
    - 2024-09-20 20:50:00 -> Strzoda fa una defensa tancada de l’acord d’associació
       -> 5 comments
    - 2024-09-20 20:04:00 -> El MoraBanc diu adéu a Europa (99-91)
CURRENT PAGE -> 2
URL: https://www.diariandorra.ad/search/2?query=europa ...
    - 2024-09-20 06:01:00 -> A l’octubre se sabrà si l’acord és mixt o no
       -> 2 comments
    - 2024-09-20 05:45:00 -> 1,45 milions per al Santa Coloma
       -> 5 comments
    - 2024-09-20 05:40:00 -> Nou caixa o faixa per al MoraBanc Andorra a Europa
    - 2024-09-19 18:04:00 -> Espot afirma que no aplicaran l'acord d'associació amb la UE de forma provisional
    - 2024-09-18 19:49:00 -> El MoraBanc obre la Champions esmicolant al Anvers (91-73)
    - 2024-09-18 05:54:00 -> Diversificació
       -> 9 comments
    - 2024-09-18 05:22:00 -> Cinc campiones a París fan estada a Encamp
    - 2024-09-17 06:17:00 -> L’assemblea general d’SDP confirma el suport a la UE
       -> 3 comments
    - 2024-09-17 05:52:00 -> Menys nens a les aules
       -> 4 comments
    - 2024-09-17 05:43:00 -> Espot seguirà “passi el que passi” amb l’acord d’associació amb la UE
       -> 14 comments
    - 2024-09-16 18:08:00 -> L’Assemblea General de Progressistes-SDP confirma el seu suport a l’acord d’associació
    - 2024-09-16 14:40:00 -> El riu es desborda a la ciutat polonesa de Lądek Zdrój, deixant danys importants
    - 2024-09-16 05:49:00 -> “Abans hi havia una confusió molt gran sobre les activitats de Naturland”
       -> 10 comments
    - 2024-09-15 06:13:00 -> Per una Europa a la Suïssa
       -> 14 comments
    - 2024-09-14 06:48:00 -> ‘Dexter’, els orígens
    - 2024-09-14 06:02:00 -> Els valors del COA
       -> 4 comments
    - 2024-09-13 06:30:00 -> “Mai s’han de posar tots els ous al mateix cistell”
    - 2024-09-13 06:15:00 -> El BCE no decep i rebaixa els tipus d’interès
    - 2024-09-13 05:57:00 -> Espot manté la celebració del referèndum per a la primavera
    - 2024-09-12 15:15:00 -> L'UdA representa Europa a l’Acadèmia Internacional de la Francofonia Científica
CURRENT PAGE -> 3
URL: https://www.diariandorra.ad/search/3?query=europa ...
    - 2024-09-12 12:35:00 -> L'AR+I presenta els resultats de dos estudis sobre l'increment de temperatures
       -1 comment
    - 2024-09-12 05:29:00 -> Verdú tanca abans d’hora l’estada a Nova Zelanda
    - 2024-09-11 06:05:00 -> Andreu Granier Pedescoll
    - 2024-09-11 06:04:00 -> Anàlisi dels contactes amb els bancs centrals de França i Espanya
       -> 10 comments
    - 2024-09-10 06:15:00 -> La gran setmana del Banc Central Europeu
    - 2024-09-10 06:07:00 -> Campanya de control viari en zones escolars
    - 2024-09-09 05:37:00 -> Espot reconeix “incògnites” amb la UE
       -> 47 comments
    - 2024-09-08 12:46:00 -> Concòrdia i PS reclamen tenir en compte les propostes de la minoria i cercar consensos
    - 2024-09-07 06:07:00 -> Carrils per a no comunitaris a les dues fronteres
       -> 36 comments
    - 2024-09-06 06:03:00 -> Bon agost turístic, amb el 86% d’ocupació
    - 2024-09-05 10:39:00 -> Andorra signa el Conveni Marc del Consell d'Europa sobre intel·ligència artificial i drets humans
    - 2024-09-05 10:00:00 -> El mes d'agost ha tancat amb un 86,22% d'ocupació hotelera
       -> 6 comments
    - 2024-09-05 06:14:00 -> Això del català...
       -> 2 comments
    - 2024-09-05 06:01:00 -> Reunió ‘in extremis’ per evitar els controls fronterers de la UE
       -> 59 comments
    - 2024-09-03 12:54:00 -> Hongria continua frenant l'oficialitat del català a Europa
       -> 6 comments
    - 2024-09-03 06:41:00 -> El PMI manufacturer confirma la recuperació
--> SEARCHING TERM unió europea ...
CURRENT PAGE -> 1
URL: https://www.diariandorra.ad/search/?query=unió+europea ...
    - 2024-09-29 11:31:00 -> Noemí Rodríguez representa Andorra en el festival de poesia a Brussel·les
    - 2024-09-29 05:55:00 -> Els andorrans hauran de pagar per entrar al Regne Unit l’any vinent
       -> 8 comments
    - 2024-09-28 06:08:00 -> Referèndum o eleccions?
       -> 9 comments
    - 2024-09-28 05:53:00 -> Espot defensa a l’ONU que “res no justifica l’atac a civils”
       -> 24 comments
    - 2024-09-26 20:34:00 -> Espot defensa que l'acord amb la UE té el ple suport dels estats
       -> 9 comments
    - 2024-09-26 20:30:00 -> Primera trobada del cap de Govern amb el primer ministre de Portugal
    - 2024-09-26 17:04:00 -> Andorra Endavant acusa el Govern de "gestió ineficaç dels diners públics" pel cub led
       -> 3 comments
    - 2024-09-26 12:29:00 -> El preu de les importacions creix un 6,8% al juny
    - 2024-09-26 06:03:00 -> Setge als apartaments turístics fora de la llei
       -> 27 comments
    - 2024-09-26 05:58:00 -> Espot referma la voluntat de tornar a acollir el Fòrum Digital
       -> 3 comments
    - 2024-09-25 18:50:00 -> Cub itinerant de pantalles interactives amb informació sobre l'acord amb la UE
       -> 9 comments
    - 2024-09-25 11:31:00 -> Andorra i Montenegro signen un conveni de no doble imposició
       -> 7 comments
    - 2024-09-23 11:57:00 -> El PIB nominal creix un 4,8% el segon trimestre del 2024
       -> 3 comments
    - 2024-09-22 16:33:00 -> Andorra i Letònia signen el conveni per eliminar la doble imposició
    - 2024-09-18 05:44:00 -> Espot avisa que la intervenció dels pisos no té marxa enrere
       -> 43 comments
CURRENT PAGE -> 2
URL: https://www.diariandorra.ad/search/2?query=unió+europea ...
    - 2024-09-17 06:20:00 -> AE pregunta a Govern si aplicarà l’acord amb la UE abans de votar-se
       -> 4 comments
    - 2024-09-16 16:52:00 -> Andorra Endavant demana a Govern si pretén aplicar l'acord d'associació abans de votar-lo
       -> 4 comments
    - 2024-09-16 06:10:00 -> Les Màximes i el Consell Superior de la Justícia (CSJ)
       -> 2 comments
    - 2024-09-14 06:52:00 -> La Reserva Federal pren el relleu del BCE
    - 2024-09-14 06:16:00 -> Andorra i la UE avancen en l’acord per al control de les fronteres
       -> 11 comments
    - 2024-09-14 05:59:00 -> Nàpols
       -> 4 comments
    - 2024-09-13 06:48:00 -> Acomiadament a Espanya
       -> 3 comments
    - 2024-09-12 16:42:00 -> Espot no descarta el referèndum de la UE per a la primavera del 2025
       -> 23 comments
    - 2024-09-12 05:59:00 -> L’executiva de DA vol copsar les inquietuds dels militants
       -> 7 comments
    - 2024-09-11 21:12:00 -> Demòcrates celebrarà el seu Congrés Ordinari el 27 de novembre
       -> 2 comments
    - 2024-09-11 06:54:00 -> Nou curs polític
    - 2024-09-10 10:40:00 -> Les xarxes d'evasió i el retorn del Romànic seran protagonistes a les jornades de Patrimoni
    - 2024-09-10 06:01:00 -> Andorra i Eslovènia negocien per evitar la doble imposició
       -1 comment
    - 2024-09-09 18:24:00 -> Andorra treballarà amb Eslovènia en la digitalització i la intel·ligència artificial
    - 2024-09-08 17:10:00 -> Espot anuncia 'dos o tres' edificis més de lloguer assequible a les parròquies centrals
       -> 15 comments
CURRENT PAGE -> 3
URL: https://www.diariandorra.ad/search/3?query=unió+europea ...
    - 2024-09-08 10:44:00 -> Ensenyat demana un debat més "racional" per l'acord d'associació
       -> 45 comments
    - 2024-09-06 06:08:00 -> ‘In articulo mortis’
    - 2024-09-05 19:37:00 -> Imma Tor celebra l'obertura del Consolat General portuguès a Andorra abans que acabi l'any
    - 2024-09-05 12:20:00 -> Andorra acull una trobada internacional per al desplegament del projecte europeu Solidigital
    - 2024-09-03 05:55:00 -> L’IPC avançat de l’agost baixa fins al 2,1%
       -> 2 comments
    - 2024-09-01 10:40:00 -> Només un 36% dels internautes llegeix les polítiques de privacitat
    - 2024-09-01 06:19:00 -> Duralex
--> SEARCHING TERM acord d'associació ...
CURRENT PAGE -> 1
URL: https://www.diariandorra.ad/search/?query=acord+d'associació ...
    - 2024-09-18 05:52:00 -> Nord enllà
    - 2024-09-09 05:30:00 -> L’oposicio reclama voluntat de consens
--> SEARCHING TERM pensions ...
CURRENT PAGE -> 1
URL: https://www.diariandorra.ad/search/?query=pensions ...
    - 2024-09-26 06:40:00 -> Més assalariats
       -> 2 comments
    - 2024-09-26 06:00:00 -> El dèficit de la CASS era al juny de 15,7 milions d’euros
       -> 8 comments
    - 2024-09-26 05:53:00 -> Les ajudes ocasionals es mengen la resta de subvencions d’Afers Socials
       -> 11 comments
    - 2024-09-25 16:11:00 -> El dèfici de la CASS s'enfila a 15,7 milions fins al juny
       -> 5 comments
    - 2024-09-25 13:04:00 -> Afers Socials atorga 1.330 noves prestacions durant el primer trimestre
       -> 13 comments
    - 2024-09-25 05:59:00 -> Concòrdia vol limitar els permisos d’accés al país que atorga el Govern
       -> 23 comments
    - 2024-09-24 17:31:00 -> El PS vol eliminar les discriminacions per residència de les pensions
    - 2024-09-23 06:47:00 -> Pensions de jubilació baixes
       -> 7 comments
    - 2024-09-22 06:03:00 -> La pensió es revalora 50 euros per a qui ha cotitzat més de 20 anys
       -> 11 comments
    - 2024-09-16 14:02:00 -> MoraBanc capta mil nòmines en el primer semestre de l'any i sorteja un iphone 15 cada dia
    - 2024-09-16 05:51:00 -> Els mestres reclamen millores laborals per dignificar la professió
       -> 48 comments
    - 2024-09-14 06:20:00 -> El valor del fons de pensions creix en 8,4 milions a l’agost
       -> 4 comments
    - 2024-09-13 06:01:00 -> La llista d’espera per ingressar en una residència queda a zero
       -> 7 comments
    - 2024-09-12 17:24:00 -> Cap padrí en llista d'espera per entrar a la residència
       -> 2 comments
    - 2024-09-12 11:19:00 -> Detecten un intent d'estafa amb un anunci fals de Govern
    - 2024-09-09 05:33:00 -> Govern s’obre a ser més garant a la llei òmnibus per assolir més suports
       -> 2 comments
    - 2024-09-05 06:18:00 -> Candidatura única a la justícia, cossos especials i assimilats
    - 2024-09-04 11:04:00 -> Candidatura única de Justícia i cossos especials per escollir els representants al pla de pensions
--> SEARCHING TERM CASS ...
CURRENT PAGE -> 1
URL: https://www.diariandorra.ad/search/?query=CASS ...
    - 2024-09-28 16:53:00 -> La CASS alerta de la suplantació del seu correu electrònic
    - 2024-09-28 06:00:00 -> Acció Feminista expressa la seva decepció amb el SIAD
       -> 3 comments
    - 2024-09-27 11:18:00 -> Acció Feminista reclama la despenalització de l'avortament amb cobertura sanitària
       -> 12 comments
    - 2024-09-23 06:10:00 -> El deute del Principat és de 14.589 euros per ciutadà
       -> 30 comments
    - 2024-09-22 06:35:00 -> Paracetamol o ibuprofèn?
       -> 2 comments
    - 2024-09-19 06:14:00 -> Quart intent per trobar jutge per al TEDH
       -1 comment
    - 2024-09-18 19:19:00 -> La CASS cobrirà 1.100 euros per cada audiòfon
       -> 2 comments
    - 2024-09-17 05:36:00 -> El centre de salut mental es mantindrà tot i el rebuig
       -> 22 comments
    - 2024-09-16 15:21:00 -> L'endeutament públic disminueix un 0,6% fins als 1.241,5 milions
       -> 3 comments
    - 2024-09-15 05:57:00 -> La CASS ha finançat 17 tractaments de fertilitat aquest any
       -> 5 comments
    - 2024-09-13 14:16:00 -> El fons de reserva de jubilació guanya 8,4 milions a l'agost
       -> 3 comments
    - 2024-09-12 06:10:00 -> La policia investiga altres pisos on hi ha prostitució
       -> 50 comments
    - 2024-09-06 05:55:00 -> L’Institut Ramon Cugat va demanar instal·lacions de franc
       -> 15 comments
    - 2024-09-05 17:14:00 -> L'edifici Solà d'Enclar disposarà de cinc apartaments i nou habitacions de suport
CURRENT PAGE -> 2
URL: https://www.diariandorra.ad/search/2?query=CASS ...
    - 2024-09-04 06:00:00 -> Crèdits tous
       -> 2 comments
    - 2024-09-03 06:20:00 -> Vela demana sobre el compliment de l’Estatut de l’artista
       -> 2 comments
    - 2024-09-03 05:57:00 -> El ministeri de Salut busca fer més accessibles i àgils les visites mèdiques telemàtiques
    - 2024-09-02 14:39:00 -> Els socialdemòcrates demanen pel desplegament i compliment de l’Estatut de l’Artista
       -1 comment
--> SEARCHING TERM català ...
CURRENT PAGE -> 1
URL: https://www.diariandorra.ad/search/?query=català ...
    - 2024-09-29 06:07:00 -> Un exemple més
    - 2024-09-29 05:51:00 -> Èxit de les editorials del país a la Setmana
       -> 6 comments
    - 2024-09-28 16:35:00 -> Bonell reivindica el català com a llengua viva a Barcelona
       -> 6 comments
    - 2024-09-28 06:37:00 -> El vestit pop de l'emperador
    - 2024-09-27 18:23:00 -> Detinguts dos homes a la Seu per tràfic d'estupefaents
    - 2024-09-27 06:06:00 -> Un perfecte ambaixador del català
       -> 2 comments
    - 2024-09-27 05:41:00 -> Dards encreuats per l’habitatge i les inversions entre majoria i minoria
       -> 5 comments
    - 2024-09-27 05:31:00 -> “Sabem que podem fer coses importants”
    - 2024-09-26 17:55:00 -> Retrets de la minoria per la baixa execució d'inversions a la capital
       -> 4 comments
    - 2024-09-26 06:37:00 -> Pròleg
    - 2024-09-26 05:40:00 -> L'FC Andorra anirà al mercat d'hivern per les lesions
    - 2024-09-25 05:31:00 -> Montellà acaba segon a la Pujada a Gironella Casserres
    - 2024-09-24 06:43:00 -> El pont
       -> 3 comments
    - 2024-09-24 06:10:00 -> Pirineu Viu culpa Andorra de tots els mals de l’Alt Urgell
       -> 135 comments
    - 2024-09-23 06:40:00 -> Tenir bona consciència
       -> 3 comments
    - 2024-09-22 12:38:00 -> Els altres protagonistes
       -> 2 comments
    - 2024-09-22 06:00:00 -> Espot vol tractar amb Illa el conveni sanitari
       -> 2 comments
CURRENT PAGE -> 2
URL: https://www.diariandorra.ad/search/2?query=català ...
    - 2024-09-21 11:33:00 -> Neix la plataforma Pirineu Viu per lluitar contra la turistificació
       -> 5 comments
    - 2024-09-21 06:53:00 -> Festival de contes
    - 2024-09-20 13:08:00 -> La 42a Setmana del llibre en català comptarà amb prop de 200 títols del país
    - 2024-09-20 11:42:00 -> Un expert en violència de gènere destaca la importància d'acompanyar a les víctimes
       -> 2 comments
    - 2024-09-18 05:50:00 -> Mas, Roger
       -> 2 comments
    - 2024-09-17 05:49:00 -> Els savis
    - 2024-09-16 13:30:00 -> L'equip femení de waterpolo del Club Natació Sant Andreu prepara la temporada a Encamp
    - 2024-09-15 06:14:00 -> Centenari
    - 2024-09-15 05:47:00 -> Un MoraBanc ‘on fire’
       -> 4 comments
    - 2024-09-15 05:44:00 -> Fer camí per seguir sumant
    - 2024-09-13 05:41:00 -> Un irregular MoraBanc cau davant el Barça i s’allunya de la final
    - 2024-09-12 06:47:00 -> Una llengua imprescindible
       -> 11 comments
    - 2024-09-11 14:31:00 -> El MoraBanc escombra al Girona a l’estrena de la Lliga Catalana (84-61)
    - 2024-09-11 11:21:00 -> Cultura destina 46.000 euros a la campanya per difondre la llei del català
       -> 8 comments
    - 2024-09-11 06:58:00 -> Minories lingüístiques digitals
    - 2024-09-10 05:56:00 -> Més llengua i matemàtiques a les aules de l’Escola andorrana
       -1 comment
    - 2024-09-09 11:07:00 -> L’amo del gos acusa el Parc de l’Alt Pirineu de l’atac de l’os
       -> 23 comments
CURRENT PAGE -> 3
URL: https://www.diariandorra.ad/search/3?query=català ...
    - 2024-09-09 06:02:00 -> Friqui, i què?
       -> 2 comments
    - 2024-09-09 06:01:00 -> Nou radar de tram al pas de l’autovia A-2 pel túnel del Bruc
       -> 2 comments
    - 2024-09-08 13:11:00 -> El propietari del gos respon durament al Parc de l'Alt Pirineu
       -> 44 comments
    - 2024-09-08 11:30:00 -> Nou radar de tram a l'A-2 al Bruc
       -> 6 comments
    - 2024-09-07 17:58:00 -> Bombers mobilitza l'helicòpter en un rescat nocturn en territori català
       -> 18 comments
    - 2024-09-07 16:32:00 -> Inundacions a Sabadell a causa de les fortes pluges
    - 2024-09-07 05:20:00 -> Pedro Sánchez, els cursos de català i la seguretat a Andorra als set tuits
    - 2024-09-05 05:59:00 -> Canòlich s’internacionalitza
    - 2024-09-04 14:10:00 -> El curtmetratge "Tirites" rep tres nominacions internacionals
       -> 2 comments
    - 2024-09-04 06:16:00 -> Acord amb la Fira de Tàrrega per promocionar artistes
    - 2024-09-04 06:04:00 -> Presses pel català
    - 2024-09-04 06:01:00 -> Llista d’espera
       -1 comment
    - 2024-09-04 05:46:00 -> L’allau d’inscripcions desborda les previsions per als cursos de català
       -> 47 comments
    - 2024-09-04 05:41:00 -> L’Esbart Dansaire participa en un festival a Xipre
       -1 comment
    - 2024-09-03 17:52:00 -> Cultura arriba a un acord amb Fira Tàrrega per la promoció dels artistes nacionals
    - 2024-09-03 14:29:00 -> L’Esbart dansaire d’Andorra la Vella actuarà a Xipre
    - 2024-09-03 13:22:00 -> S'esgoten en temps rècord les inscripcions als cursos de català
       -> 15 comments
CURRENT PAGE -> 4
URL: https://www.diariandorra.ad/search/4?query=català ...
    - 2024-09-03 06:05:00 -> Reverdir les ciutats
       -> 6 comments
    - 2024-09-01 06:21:00 -> Preparats per a un curs clau
    - 2024-09-01 06:07:00 -> Quatre docents reforcen l’àrea de llengua catalana per afrontar el nou curs
       -> 38 comments
    - 2024-09-01 05:45:00 -> La primera porta el nom d’Álvaro
    - 2024-09-01 05:20:00 -> L'Ossa d'Ordino, el preu del material escolar i el CREI als set tuits
--> SEARCHING TERM llengua ...
CURRENT PAGE -> 1
URL: https://www.diariandorra.ad/search/?query=llengua ...
    - 2024-09-27 15:06:00 -> Ensenyat referma el compromís d'Andorra en la lluita contra el canvi climàtic
       -> 5 comments
    - 2024-09-27 06:48:00 -> Vacunat de llengua blava tot el ramat boví i oví del país
       -> 4 comments
    - 2024-09-26 12:43:00 -> Agricultura finalitza la vacunació de la cabana ramadera ovina i bovina per la llengua blava
       -> 3 comments
    - 2024-09-21 06:17:00 -> Molné aposta per més cooperació internacional
       -> 2 comments
    - 2024-09-20 12:46:00 -> Molné aposta per més cooperació internacional a la conferència iberoamericana
       -> 3 comments
    - 2024-09-16 19:20:00 -> La Universitat d’Estiu i Tardor arrenca amb la humanitat i l’evolució de la vida al centre del debat
       -> 2 comments
    - 2024-09-16 05:57:00 -> Salut i logopedes pacten menys ‘traves’ per renovar alguns tractaments
       -> 2 comments
    - 2024-09-15 06:04:00 -> La llibreria i la pell
       -1 comment
    - 2024-09-15 06:02:00 -> Una setmana de l’isard amb rècord de participants
       -> 18 comments
    - 2024-09-12 06:34:00 -> El sistema educatiu francès acull més de 3.000 alumnes
       -1 comment
    - 2024-09-11 18:51:00 -> El sistema educatiu francès acull a més de 3000 alumnes
CURRENT PAGE -> 2
URL: https://www.diariandorra.ad/search/2?query=llengua ...
    - 2024-09-09 18:49:00 -> A ritme d'estiu tanca la temporada amb un miler de participants
    - 2024-09-09 11:02:00 -> El curs escolar arrenca amb 11.352 alumnes
       -> 3 comments
    - 2024-09-06 06:25:00 -> Cap al fons de l’abisme
       -1 comment
    - 2024-09-06 06:19:00 -> L’Association Française des Catalanistes guanya el premi Ramon Llull
    - 2024-09-05 17:36:00 -> L’Association française des catalanistes, guanyadora del 33è Premi Internacional Ramon Llull
    - 2024-09-05 06:05:00 -> Amor líquid i terra enganxós
       -> 6 comments
    - 2024-09-05 06:02:00 -> Dos milions per iniciar la darrera fase del vial lauredià
    - 2024-09-04 19:21:00 -> Els casos de llengua blava, sota control
    - 2024-09-04 06:02:00 -> El retorn
       -> 2 comments
--> SEARCHING TERM avortament ...
CURRENT PAGE -> 1
URL: https://www.diariandorra.ad/search/?query=avortament ...
    - 2024-09-26 12:23:00 -> Stop Violències engega la campanya 'F*cked' per reivindicar l'avortament
       -> 10 comments
    - 2024-09-19 19:52:00 -> Els primers avenços sobre la despenalització de l'avortament es tindran el 2025
       -> 15 comments
    - 2024-09-10 17:25:00 -> Segués demana a l'executiu si tanca la porta a la legalització de l'avortament
--> SEARCHING TERM dones ...
CURRENT PAGE -> 1
URL: https://www.diariandorra.ad/search/?query=dones ...
    - 2024-09-29 12:41:00 -> El comú de la capital instal·la una vintena de punts menstruals per a les treballadores
       -> 2 comments
    - 2024-09-29 06:19:00 -> A AINA s’aprèn a estimar
    - 2024-09-29 05:43:00 -> “La bruixeria és la misogínia institucionalitzada”
       -> 5 comments
    - 2024-09-28 13:58:00 -> Un espectacle per compartir experiències, gaudir de la música i “reivindicar” les dones
    - 2024-09-28 11:55:00 -> Vila medieval de Sant Julià
    - 2024-09-28 06:14:00 -> “‘Nua’ vol generar pensament crític sobre la intimitat”
    - 2024-09-27 06:24:00 -> Stop Violències s’uneix amb una entitat veneçolana proavortista
       -> 18 comments
    - 2024-09-26 17:46:00 -> Torna el ‘Bingo Art’ amb una selecció d’obres de l’artista Alejandra Pereyra
    - 2024-09-26 06:52:00 -> Prediccions del zodíac
    - 2024-09-26 05:56:00 -> Campanya per aplicar la igualtat de gènere en la gestió empresarial
       -> 11 comments
    - 2024-09-26 05:20:00 -> Tecnologia a l’abast
    - 2024-09-25 10:41:00 -> Campanya per aplicar la igualtat en la gestió empresarial
       -> 3 comments
    - 2024-09-24 12:25:00 -> Article coadjutor
       -> 25 comments
    - 2024-09-24 05:56:00 -> La bruixeria ja és la protagonista a Sant Julià de Lòria
       -> 3 comments
    - 2024-09-22 07:04:00 -> Quan les dones tenien el poder
CURRENT PAGE -> 2
URL: https://www.diariandorra.ad/search/2?query=dones ...
    - 2024-09-22 06:52:00 -> Prediccions del zodíac
    - 2024-09-21 06:35:00 -> Apocalipsi woke
       -> 18 comments
    - 2024-09-20 13:51:00 -> La candidatura d'Espot Miró per presidir el COA serà paritaria
       -> 5 comments
    - 2024-09-20 06:39:00 -> Recepta tradicional
    - 2024-09-19 11:58:00 -> Afers socials reconeix la discapacitat d'11 persones durant el primer trimestre
       -1 comment
    - 2024-09-19 11:44:00 -> Les vendes a les grans superfícies cauen un -7,4% al juliol
       -1 comment
    - 2024-09-18 13:13:00 -> Les Jornades de bruixeria presenten novetats centrades en les dones i els tallers artesanals
    - 2024-09-18 12:08:00 -> 'El tempo del temps', espectacle infantil de producció pròpia de la Fundació ONCA
    - 2024-09-18 05:41:00 -> Un Contradans que mira cap al futur
       -> 2 comments
    - 2024-09-17 13:53:00 -> El Contradans intensifica la transició de la dansa tradicional a la contemporània
    - 2024-09-16 12:16:00 -> L'agost es tanca amb 304 persones en recerca de feina a Treball
       -> 2 comments
    - 2024-09-16 05:55:00 -> Una dona maltractada es queixa de les dilacions judicials
       -> 3 comments
    - 2024-09-16 05:35:00 -> Victòries dels equips masculí i femení
    - 2024-09-15 10:45:00 -> La música com a acompanyament a l'etapa final de la vida
       -> 2 comments
    - 2024-09-15 06:18:00 -> Reproducció assistida coberta
       -> 2 comments
CURRENT PAGE -> 3
URL: https://www.diariandorra.ad/search/3?query=dones ...
    - 2024-09-14 06:42:00 -> Prediccions del zodíac
    - 2024-09-12 10:27:00 -> L'agost es tanca amb 304 persones en recerca de feina
       -> 5 comments
    - 2024-09-11 06:02:00 -> Els comuns volen tenir un rol més “proactiu” en la problemàtica de l’habitatge
       -1 comment
    - 2024-09-10 05:59:00 -> Piles carregades per a la feina
    - 2024-09-10 05:50:00 -> Prostitució en un pis al centre d’Encamp
       -> 102 comments
    - 2024-09-09 05:39:00 -> Nutrició, benestar emocional i psicologia a l’Empodera’t
    - 2024-09-08 13:53:00 -> Victòria de l’FC Andorra a Tarassona (0-1)
    - 2024-09-06 06:11:00 -> La banalitat del mal
       -> 5 comments
    - 2024-09-04 06:03:00 -> El mirador del país: globalització i dones
       -> 6 comments
    - 2024-09-04 05:55:00 -> La justícia espanyola avala que no es tramiti la rogatòria
    - 2024-09-03 06:34:00 -> Prediccions del zodíac
    - 2024-09-02 06:08:00 -> El concepte de ser home
    - 2024-09-02 05:58:00 -> Cada cop més agències
       -> 12 comments
    - 2024-09-02 05:56:00 -> Un nou índex situa Andorra com el país més segur del món
       -> 62 comments
    - 2024-09-01 06:47:00 -> Retorn a la televisió
CURRENT PAGE -> 4
URL: https://www.diariandorra.ad/search/4?query=dones ...
--> SEARCHING TERM habitatge ...
CURRENT PAGE -> 1
URL: https://www.diariandorra.ad/search/?query=habitatge ...
    - 2024-09-29 13:10:00 -> Torrent defensa que el Reviu "és una opció més pel propietari" per fer entrar al mercat pisos buits
    - 2024-09-29 12:28:00 -> La coordinadora de l'habitatge demana limitar el poder dels especuladors
       -> 5 comments
    - 2024-09-27 16:23:00 -> Trencat l'acord per al nou estadi
       -> 19 comments
    - 2024-09-26 19:53:00 -> Special Olympics és l’escollida per Andbus al primer Fòrum Solidari
       -1 comment
    - 2024-09-26 17:31:00 -> Govern i Ski Andorra signen un conveni en prevenció de riscos del personal de pistes
    - 2024-09-26 06:16:00 -> Montaner critica Govern, Concòrdia i el PS per voler legislar sense dades d’habitatge
       -> 5 comments
    - 2024-09-25 09:55:00 -> Montaner critica Govern, Concòrdia i PS per voler legislar sense dades sobre l'habitatge
       -> 8 comments
    - 2024-09-25 05:48:00 -> Les sol·licituds d’ajudes que ofereix Joventut per poder emancipar-se es redueixen
       -> 6 comments
    - 2024-09-24 18:39:00 -> El pla nacional de la joventut, entre finals de setembre i principis d'octubre
    - 2024-09-24 13:07:00 -> Concòrdia vol limitar les autoritzacions a la quota general
       -> 37 comments
    - 2024-09-24 12:05:00 -> L’import mitjà de les hipoteques cau un 18% el primer semestre i se situa en 427.693 euros
       -> 3 comments
    - 2024-09-24 06:50:00 -> “Estem treballant en un informe intern per actualitzar els indicadors per poder quantificar la realitat de l’habitatge”
       -1 comment
    - 2024-09-24 06:05:00 -> L’Institut de l’Habitatge aposta per persuadir amb la cessió voluntària dels pisos buits
       -> 10 comments
    - 2024-09-23 18:23:00 -> El nombre d'hipoteques baixa a 336 en el primer semestre
       -1 comment
    - 2024-09-23 14:04:00 -> Pirineu Viu anuncia mobilitzacions contra el turisme que afectaran Andorra
       -> 68 comments
CURRENT PAGE -> 2
URL: https://www.diariandorra.ad/search/2?query=habitatge ...
    - 2024-09-20 14:13:00 -> Sindicatura valida la pròrroga a les esmenes a la llei òmnibus
    - 2024-09-20 13:31:00 -> Concòrdia presenta una cinquantena d’esmenes a la Llei Òmnibus
       -1 comment
    - 2024-09-20 10:37:00 -> La coordinadora de l'habitatge acusa constructors i immobiliàries d'enriquir-se amb l'especulació
       -> 15 comments
    - 2024-09-20 06:38:00 -> Andorra va bé... per als de sempre
       -> 6 comments
    - 2024-09-19 05:37:00 -> Constructors i immobiliaris es rebel·len contra Govern
    - 2024-09-18 18:16:00 -> Govern recalca que amb les mesures d'habitatge ha de defensar l'interès general i no d'associacions
       -> 8 comments
    - 2024-09-18 16:24:00 -> Immobiliaris i constructors alerten que la llei òmnibus de l'habitatge els aboca a la crisi
       -> 55 comments
    - 2024-09-17 19:53:00 -> L'Ajuntament de la Seu gestionarà un edifici amb 11 pisos ocupats
    - 2024-09-17 14:33:00 -> Espot replica que l'intervencionisme a la llei òmnibus és "moderat"
    - 2024-09-17 12:02:00 -> Aturat el desnonament demanat per un conflicte de parella
       -> 18 comments
    - 2024-09-17 06:23:00 -> L’IPC baixa a l’agost tot i que el preu de l’habitatge creix més
       -> 3 comments
    - 2024-09-16 12:51:00 -> L'IPC baixa a 2,1% a l'agost per les rebaixes
       -1 comment
    - 2024-09-13 06:08:00 -> DA veta que Espot comparegui per Grifols
       -> 10 comments
    - 2024-09-12 17:58:00 -> L'oposició reitera que calen mesures "valentes i fermes" en matèria d'habitatge
    - 2024-09-12 06:53:00 -> Exemples de col·laboració
    - 2024-09-12 06:14:00 -> Els pisos de Sant Julià per a gent gran, el 2028
       -> 6 comments
    - 2024-09-12 06:07:00 -> La taxa a la inversió estrangera en immobles desborda la recaptació prevista
       -> 20 comments
    - 2024-09-11 13:38:00 -> Govern aporta cinc milions als pisos per a gent gran de Sant Julià
    - 2024-09-11 12:14:00 -> Campanya de la coordinadora de l'habitatge per contactar amb afectats d'abusos
       -> 3 comments
CURRENT PAGE -> 3
URL: https://www.diariandorra.ad/search/3?query=habitatge ...
    - 2024-09-11 07:06:00 -> “Hi ha el compromís de tots els cònsols d’estar a sobre del tema de l’habitatge i poder tenir un rol més proactiu”
    - 2024-09-09 05:45:00 -> Espot veu viable tenir tres blocs més aquest any de lloguer públic
       -> 7 comments
    - 2024-09-06 06:09:00 -> Ara tot són presses
       -> 5 comments
    - 2024-09-05 06:03:00 -> Govern critica el PS i AE pel retard que poden provocar a la llei òmnibus
       -> 6 comments
    - 2024-09-03 05:51:00 -> Concòrdia descarta l’esmena a la totalitat de la llei òmnibus
       -> 18 comments
    - 2024-09-02 09:55:00 -> L'IPC avançat de l'agost baixa fins al 2,1%
       -> 2 comments
--> SEARCHING TERM lloguer ...
CURRENT PAGE -> 1
URL: https://www.diariandorra.ad/search/?query=lloguer ...
    - 2024-09-27 06:08:00 -> Rastreig dels pisos turístics
       -1 comment
    - 2024-09-27 05:39:00 -> Adjudicat per 3,5 milions el nou centre per a la gent gran
    - 2024-09-26 13:59:00 -> La propietat de la Borda Mateu trenca les negociacions amb l'FC Andorra per l'estadi
       -> 70 comments
    - 2024-09-23 06:44:00 -> Carta oberta als dirigents del nostre país
    - 2024-09-23 06:06:00 -> La distància entre farmàcies s’anul·la si es tracta d’un trasllat forçós
       -> 4 comments
CURRENT PAGE -> 2
URL: https://www.diariandorra.ad/search/2?query=lloguer ...
    - 2024-09-20 13:21:00 -> Andorra Endavant critica el discurs del cap de Govern i les mesures sobre l'habitatge
       -> 2 comments
    - 2024-09-20 06:11:00 -> Un sector dels farmacèutics advoca per vincular les obertures als quarts
       -> 3 comments
    - 2024-09-19 19:25:00 -> Andorra Endavant demana a Govern si el nou centre de salut mental té l'autorització veïnal
    - 2024-09-19 14:48:00 -> La Massana tindrà un Centre de Dia per a la gent gran gràcies a un conveni amb la Creu Roja
    - 2024-09-18 05:51:00 -> Cicland projecta tancar l’any amb uns 36.000 desplaçaments
       -> 6 comments
    - 2024-09-18 05:46:00 -> Els fills es queden a casa
       -> 2 comments
CURRENT PAGE -> 3
URL: https://www.diariandorra.ad/search/3?query=lloguer ...
    - 2024-09-07 06:04:00 -> Macron anuncia ajudes per als estudiants andorrans a França
       -1 comment
    - 2024-09-04 12:01:00 -> Els pisos de lloguer de la Solana s'entregaran sense moblar
       -> 7 comments
    - 2024-09-02 05:43:00 -> Nou procés per adjudicar l’estudi de viabilitat de l’antic hotel Pol
       -> 3 comments
    - 2024-09-01 06:01:00 -> L’atropellament mortal força canvis per guanyar seguretat
       -> 14 comments
--> SEARCHING TERM inversió extrangera ...
CURRENT PAGE -> 1
URL: https://www.diariandorra.ad/search/?query=inversió+extrangera ...
Resulting dataset stored as -> data/scrapes/HOT_TOPICS_2/20240929_HOT_TOPICS_articles.csv
Resulting comments dataset stored as -> data/scrapes/HOT_TOPICS_2/20240929_HOT_TOPICS_comments.csv

Total execution time: 1486.774(24.780 minutes)
