Getting input files from data/scrapes/LATEST/
Storing results as -> data/scrapes/LATEST/20240928_LATEST_articles.csv
Storing articles in -> data/scrapes/LATEST/articles/
----------------------------------------------------------------------------------
Searching articles with the following search terms: ['el', 'la', 'els', 'les', 'a', 'de']
Searching articles between 2024-09-27 - 00:00 and 2024-09-28 - 21:01
----------------------------------------------------------------------------------
Searching at L'Altaveu
--> SEARCHING TERM el ...
CURRENT PAGE -> 1
URL: https://www.altaveu.com/cercador.html?search=el ...
    - 2024-09-28 20:36:00 -> Juanjo López és el coordinador nacional adjunt a la Secretaria General Iberoamericana
    - 2024-09-28 19:23:00 -> Temor perquè l’allau de temporers aquest hivern sigui major que el de fa dos anys
       -> 6 comments
    - 2024-09-28 12:56:00 -> L’FMA dona per perdut el Mundial de TrialGP el 2025 i mirarà d’organitzar alguna altra prova
       -> 3 comments
    - 2024-09-28 12:16:00 -> Govern enllesteix el tram afectat per l’esllavissada del passeig Valira
    - 2024-09-28 08:20:00 -> Els bombers emeten 25 factures per cobrar rescats de muntanya durant el 2024
       -> 16 comments
    - 2024-09-28 08:00:00 -> Decidir què fer amb el cos
CURRENT PAGE -> 2
URL: https://www.altaveu.com/cercador.html?search=el&_page=2 ...
    - 2024-09-27 17:30:00 -> Espot fa a l’ONU una crida implícita a Rússia i Israel a acatar “el dret internacional humanitari”
       -> 21 comments
    - 2024-09-27 14:19:00 -> ‘Beautiful boy’: l’excusa per obrir el diàleg sobre la salut mental i mantenir-lo tot l’any
    - 2024-09-27 13:19:00 -> Andorra exposa el projecte d’una àrea d’innovació a escala país en un congrés a Nairobi
       -> 2 comments
    - 2024-09-27 11:42:00 -> Andorra no apareix en el calendari provisional de proves del Mundial de TrialGP del 2025
       -> 13 comments
    - 2024-09-27 11:22:00 -> Ferran Costa no es mulla sobre el tema de l’estadi: “Confio molt en tothom que forma part del club”
    - 2024-09-27 07:30:00 -> El camí cap a una administració més eficaç
--> SEARCHING TERM la ...
CURRENT PAGE -> 1
URL: https://www.altaveu.com/cercador.html?search=la ...
    - 2024-09-28 18:52:00 -> Jordina Caminal s’emporta la Copa de Sud-Amèrica i tindrà un dorsal privilegiat a les Copes d’Europa
    - 2024-09-28 17:58:00 -> Més gent i més vendes de literatura andorrana a la Setmana del Llibre en Català de Barcelona
       -1 comment
    - 2024-09-28 16:41:00 -> La FAF exclou l’Atlètic Escaldes B de la segona divisió de futbol per no haver-se inscrit a temps
       -1 comment
    - 2024-09-28 16:04:00 -> “Surto a córrer i penso en directives i reglaments; en canvi amb la música recarrego les piles”
       -> 4 comments
    - 2024-09-28 13:26:00 -> L’FC Andorra torna a visitar Lugo a la recerca del tercer triomf consecutiu a domicili
    - 2024-09-28 11:24:00 -> S’accidenta tot sol anant amb moto a la rotonda de l’Aldosa de la Massana
       -1 comment
CURRENT PAGE -> 2
URL: https://www.altaveu.com/cercador.html?search=la&_page=2 ...
    - 2024-09-27 21:34:00 -> La llei òmnibus dona ales al moviment polític de dretes que voldria constituir-se com a partit
       -> 33 comments
    - 2024-09-27 18:33:00 -> Detinguts dos homes a la Seu d’Urgell per tràfic de substàncies estupefaents
       -> 2 comments
    - 2024-09-27 17:12:00 -> La FIS proposa Andorra com a seu de la Copa del Món per als anys 2026 i 2027
       -> 5 comments
    - 2024-09-27 13:33:00 -> Condemnada a sis anys de presó i una multa de 40.000 euros ‘la cambrera de la coca’
    - 2024-09-27 13:01:00 -> L’atracador de la gasolinera d’Encamp s’aferra a què no hi va haver perill per demanar menys pena
       -> 3 comments
    - 2024-09-27 12:51:00 -> La mina de Llorts incrementa visitants a l’estiu i obrirà els caps de setmana fins al 8 de desembre
    - 2024-09-27 10:19:00 -> Sortida pactada a la direcció general de Pal-Arinsal
       -> 21 comments
    - 2024-09-27 09:44:00 -> Un turista circulava amb més del doble d’alcohol permès amb la dona i els fills menors al cotxe
       -1 comment
    - 2024-09-27 09:13:00 -> “No es pot demanar a l’hospital de la Seu que es faci càrrec d’allò que Andorra prohibeix”
       -> 11 comments
CURRENT PAGE -> 3
URL: https://www.altaveu.com/cercador.html?search=la&_page=3 ...
--> SEARCHING TERM els ...
CURRENT PAGE -> 1
URL: https://www.altaveu.com/cercador.html?search=els ...
    - 2024-09-28 10:57:00 -> Espot comparteix amb Parolin els avenços en relació al joc d’equilibris sobre l’avortament
       -> 2 comments
    - 2024-09-27 19:53:00 -> Els promotors de Sa Calma Andorra estan rere l’adquisició de l’edifici de l’antiga fàbrica de CATSA
       -> 13 comments
    - 2024-09-27 17:43:00 -> Lleugeres modificacions en els horaris del bus lliure a partir del dilluns per millorar el servei
       -> 2 comments
    - 2024-09-27 16:45:00 -> Ensenyat reconeix que Andorra ha tingut un “creixement econòmic impensable sense els nouvinguts”
       -> 5 comments
    - 2024-09-27 08:00:00 -> Trencar els estigmes i les pors
--> SEARCHING TERM les ...
CURRENT PAGE -> 1
URL: https://www.altaveu.com/cercador.html?search=les ...
    - 2024-09-28 14:49:00 -> L’Institut de les Dones considera “innegociable” un “avortament lliure, segur i gratuït”
       -> 5 comments
    - 2024-09-28 10:34:00 -> Matrícules personalitzades amb tres lletres i dues xifres, les més demanades
       -> 2 comments
    - 2024-09-27 23:01:00 -> Es fan bones les previsions meteorològiques i el Pas de la Casa s’emblanquina
--> SEARCHING TERM a ...
CURRENT PAGE -> 1
URL: https://www.altaveu.com/cercador.html?search=a ...
    - 2024-09-28 20:11:00 -> L’extradit per cedir droga a menors i per furt denuncia errors de procediment i falta de proves
    - 2024-09-28 17:45:00 -> De Bahrain a Andorra: l’ambaixada francesa té nou número 2
CURRENT PAGE -> 2
URL: https://www.altaveu.com/cercador.html?search=a&_page=2 ...
    - 2024-09-27 20:53:00 -> Motor a fons
CURRENT PAGE -> 3
URL: https://www.altaveu.com/cercador.html?search=a&_page=3 ...
--> SEARCHING TERM de ...
CURRENT PAGE -> 1
URL: https://www.altaveu.com/cercador.html?search=de ...
    - 2024-09-28 16:40:00 -> Bon ambient i afluència de gent al Caldes Festival
CURRENT PAGE -> 2
URL: https://www.altaveu.com/cercador.html?search=de&_page=2 ...
    - 2024-09-28 14:32:00 -> Recta final de l’empresonament del docent francès condemnat per pedofília
       -1 comment
    - 2024-09-28 11:21:00 -> Tor i la seva homòloga signen un conveni de no doble imposició entre Andorra i Romania
    - 2024-09-27 22:03:00 -> L’Skal Club reconeix la importància del Festival de Jazz d’Escaldes en el Dia mundial del Turisme
CURRENT PAGE -> 3
URL: https://www.altaveu.com/cercador.html?search=de&_page=3 ...
    - 2024-09-27 08:49:00 -> Mobilització de serveis d’emergència i investigació en aparèixer un home mort en una gasolinera
       -> 34 comments
----------------------------------------------------------------------------------
Searching at Bondia.ad
--> SEARCHING TERM el ...
URL: https://www.bondia.ad/cercador?search=el ...
CURRENT PAGE -> 1
    - 2024-09-27 01:00:04 -> Jonathan López-Vera: “A l’elit política del Japó hi ha molts descendents de samurais”
    - 2024-09-27 00:10:07 -> Mereixia millors padrins
    - 2024-09-27 00:00:03 -> Projectar les nostres ombres
--> SEARCHING TERM la ...
URL: https://www.bondia.ad/cercador?search=la ...
CURRENT PAGE -> 1
--> SEARCHING TERM els ...
URL: https://www.bondia.ad/cercador?search=els ...
CURRENT PAGE -> 1
--> SEARCHING TERM les ...
URL: https://www.bondia.ad/cercador?search=les ...
CURRENT PAGE -> 1
--> SEARCHING TERM a ...
URL: https://www.bondia.ad/cercador?search=a ...
CURRENT PAGE -> 1
--> SEARCHING TERM de ...
URL: https://www.bondia.ad/cercador?search=de ...
CURRENT PAGE -> 1
----------------------------------------------------------------------------------
Searching at Diari d'Andorra
--> SEARCHING TERM el ...
CURRENT PAGE -> 1
URL: https://www.diariandorra.ad/search/?query=el ...
    - 2024-09-28 19:19:00 -> Encamp gaudeix del musical infantil 'El vestit pop de l'Emperador'
    - 2024-09-28 18:16:00 -> Jordina Caminal guanya la SAC en supergegant
    - 2024-09-28 17:51:00 -> Viatge a l'Andorra dels anys 80
    - 2024-09-28 17:20:00 -> Celebració de l'Aplec de Sant Romà dels Vilars
    - 2024-09-28 16:53:00 -> La CASS alerta de la suplantació del seu correu electrònic
    - 2024-09-28 16:35:00 -> Bonell reivindica el català com a llengua viva a Barcelona
       -> 5 comments
    - 2024-09-28 13:58:00 -> Un espectacle per compartir experiències, gaudir de la música i “reivindicar” les dones
    - 2024-09-28 11:55:00 -> Vila medieval de Sant Julià
    - 2024-09-28 11:18:00 -> El Festival de Jazz d'Escaldes, Serras Andorra, HBX Group i la Cambra, els guardonats del Skål Club
    - 2024-09-28 11:04:00 -> Andorra i Noruega signen un programa de mobilitat juvenil
       -> 3 comments
    - 2024-09-28 10:35:00 -> Els cims es lleven emblanquinats
    - 2024-09-28 10:18:00 -> Accident amb un motorista ferit a la Massana
    - 2024-09-28 06:49:00 -> Antonia Jiménez Jiménez
    - 2024-09-28 06:47:00 -> Antonia Jiménez Jiménez
    - 2024-09-28 06:46:00 -> El PCE dels EUA sorprèn a la baixa i aplana el camí
    - 2024-09-28 06:41:00 -> Torna ‘RoboCop’
    - 2024-09-28 06:39:00 -> Soy Nevenka
    - 2024-09-28 06:37:00 -> El vestit pop de l'emperador
    - 2024-09-28 06:35:00 -> Prediccions del zodíac
CURRENT PAGE -> 2
URL: https://www.diariandorra.ad/search/2?query=el ...
    - 2024-09-28 06:22:00 -> L’atracador de la benzinera d’Encamp demana una rebaixa de la pena
    - 2024-09-28 06:21:00 -> Trobat mort un home en una benzinera
    - 2024-09-28 06:20:00 -> Compromís en la lluita contra el canvi climàtic
       -> 2 comments
    - 2024-09-28 06:19:00 -> Detingut ebri amb dos menors al cotxe
    - 2024-09-28 06:14:00 -> “‘Nua’ vol generar pensament crític sobre la intimitat”
    - 2024-09-28 06:10:00 -> Casella de sortida
    - 2024-09-28 06:09:00 -> Camí nou al bisbat d’Urgell
       -> 2 comments
    - 2024-09-28 06:08:00 -> Referèndum o eleccions?
       -> 9 comments
    - 2024-09-28 06:07:00 -> Els cants de sirenes
    - 2024-09-28 06:05:00 -> Condemnen a sis anys de presó la ‘cambrera de la droga’
    - 2024-09-28 06:00:00 -> Acció Feminista expressa la seva decepció amb el SIAD
       -> 3 comments
    - 2024-09-28 05:56:00 -> “Hem de canviar la imatge negativa de l’envelliment”
    - 2024-09-28 05:55:00 -> Els bombers reclamen el cost de 25 rescats a les persones auxiliades
       -> 11 comments
    - 2024-09-28 05:53:00 -> Espot defensa a l’ONU que “res no justifica l’atac a civils”
       -> 24 comments
    - 2024-09-28 05:51:00 -> Els contrabandistes esquiven la llei ‘trossejant’ les compres
       -> 30 comments
    - 2024-09-28 05:47:00 -> Sant Julià torna a ser Vila Medieval
       -> 4 comments
    - 2024-09-28 05:42:00 -> La tempesta fa la guitza a l’arrencada del Caldes Festival
       -1 comment
    - 2024-09-28 05:41:00 -> La mina de ferro de Llorts, oberta fins al 8 de desembre
    - 2024-09-28 05:39:00 -> L’art de la punta de coixí omple la sala Sergi Mas
CURRENT PAGE -> 3
URL: https://www.diariandorra.ad/search/3?query=el ...
    - 2024-09-28 05:36:00 -> Il·lusió i exigència
    - 2024-09-28 05:33:00 -> La FIS proposa Andorra per a dues Copes del Món
       -1 comment
    - 2024-09-28 05:30:00 -> Costa, segur que l’FC Andorra solucionarà l’afer de l’estadi
    - 2024-09-28 05:28:00 -> El Mundial de trial no s’aturarà a Sant Julià l’any vinent
       -> 2 comments
    - 2024-09-28 05:27:00 -> Ranger’s i Sideco Encamp lluiten per la Supercopa
    - 2024-09-28 05:25:00 -> El CV Encamp juga contra el Montserrat Gràcia
    - 2024-09-28 05:24:00 -> L’Enfaf femení debuta a casa davant el Cambrils
    - 2024-09-27 19:52:00 -> Sant Julià dona el tret de sortida a la 21a Vila Medieval amb activitats per a tota la família
    - 2024-09-27 19:08:00 -> Tret de sortida al 53è Ral·li d'Andorra Històric amb tres convidats de luxe i un cotxe benèfic
       -1 comment
    - 2024-09-27 18:45:00 -> Espot defensa que "res no justifica els atacs a la població civil, contra hospitals i escoles"
       -> 12 comments
    - 2024-09-27 18:23:00 -> Detinguts dos homes a la Seu per tràfic d'estupefaents
    - 2024-09-27 16:23:00 -> Trencat l'acord per al nou estadi
       -> 19 comments
    - 2024-09-27 15:32:00 -> L’atracador de la benzinera d’Encamp demana una rebaixa de la pena
       -> 5 comments
    - 2024-09-27 15:06:00 -> Ensenyat referma el compromís d'Andorra en la lluita contra el canvi climàtic
       -> 5 comments
    - 2024-09-27 14:41:00 -> Vista d'ocell sobre l'Everest
    - 2024-09-27 13:17:00 -> Andorra exposa el projecte de l'àrea d'innovació a escala país a Kènia
       -> 10 comments
    - 2024-09-27 12:42:00 -> La mina de Llorts obrirà els caps de setmana fins el 8 de desembre
    - 2024-09-27 11:18:00 -> Acció Feminista reclama la despenalització de l'avortament amb cobertura sanitària
       -> 12 comments
    - 2024-09-27 10:17:00 -> Detingut un conductor accidentat amb 1,84 d'alcoholèmia i dos menors al cotxe
    - 2024-09-27 09:32:00 -> Trobat mort un home a una benzinera de l'avinguda Santa Coloma
       -> 26 comments
CURRENT PAGE -> 4
URL: https://www.diariandorra.ad/search/4?query=el ...
    - 2024-09-27 06:48:00 -> Vacunat de llengua blava tot el ramat boví i oví del país
       -> 4 comments
    - 2024-09-27 06:42:00 -> Disney+ posa límits
    - 2024-09-27 06:40:00 -> Soy Nevenka
    - 2024-09-27 06:38:00 -> Caldes Festival. 'La salle d'attente'
    - 2024-09-27 06:36:00 -> Prediccions del zodíac
    - 2024-09-27 06:31:00 -> L’optimisme torna a les borses europees
    - 2024-09-27 06:29:00 -> Semàfor, 27 de setembre
    - 2024-09-27 06:24:00 -> Stop Violències s’uneix amb una entitat veneçolana proavortista
       -> 18 comments
    - 2024-09-27 06:22:00 -> Govern i Ski Andorra s’alien per garantir la seguretat laboral a les pistes
       -> 2 comments
    - 2024-09-27 06:20:00 -> Creix un 6,8% el valor de les importacions
       -> 3 comments
    - 2024-09-27 06:19:00 -> El raonador proposa un concurs literari juvenil
       -> 2 comments
    - 2024-09-27 06:12:00 -> “L’escriptura és una teràpia i la meva meditació”
    - 2024-09-27 06:08:00 -> Rastreig dels pisos turístics
       -1 comment
    - 2024-09-27 06:06:00 -> Un perfecte ambaixador del català
       -> 2 comments
    - 2024-09-27 06:04:00 -> Prevenir el suïcidi
       -> 5 comments
    - 2024-09-27 06:02:00 -> Salari digne
    - 2024-09-27 06:01:00 -> Els detectors
    - 2024-09-27 06:00:00 -> Ordenació i futur
    - 2024-09-27 05:54:00 -> El PS impulsa el dret a l’oblit sanitari al marge del Govern
    - 2024-09-27 05:52:00 -> Xavier Espot treu pit de l’“exemplaritat” d’Andorra a l’ONU
       -> 18 comments
CURRENT PAGE -> 5
URL: https://www.diariandorra.ad/search/5?query=el ...
CURRENT PAGE -> 6
URL: https://www.diariandorra.ad/search/6?query=el ...
    - 2024-09-27 05:49:00 -> Grandvalira modifica l’organigrama i nomena dos directors generals
       -> 18 comments
    - 2024-09-27 05:47:00 -> Salut mental atén més de 3.000 adults el 2023
       -> 8 comments
    - 2024-09-27 05:43:00 -> Els advocats s’uneixen contra l’abús de la presó provisional
       -> 9 comments
    - 2024-09-27 05:41:00 -> Dards encreuats per l’habitatge i les inversions entre majoria i minoria
       -> 5 comments
    - 2024-09-27 05:39:00 -> Adjudicat per 3,5 milions el nou centre per a la gent gran
    - 2024-09-27 05:37:00 -> Reivindicació del sector amb la Festa de la transhumància
    - 2024-09-27 05:31:00 -> “Sabem que podem fer coses importants”
    - 2024-09-27 05:26:00 -> Xavi Cardelús afronta el Gran Premi d’Indonèsia
    - 2024-09-27 05:25:00 -> Jové acaba en el 41è lloc a la Sea Otter Girona
    - 2024-09-27 05:24:00 -> Arriba el Trial clàssic coll de la Botella
--> SEARCHING TERM la ...
CURRENT PAGE -> 1
URL: https://www.diariandorra.ad/search/?query=la ...
    - 2024-09-28 06:29:00 -> Semàfor, 28 de setembre
CURRENT PAGE -> 2
URL: https://www.diariandorra.ad/search/2?query=la ...
CURRENT PAGE -> 3
URL: https://www.diariandorra.ad/search/3?query=la ...
    - 2024-09-27 20:23:00 -> Retencions quilomètriques a l'entrada de Sant Julià en sentit nord
       -1 comment
CURRENT PAGE -> 4
URL: https://www.diariandorra.ad/search/4?query=la ...
    - 2024-09-27 06:25:00 -> “Estem en una bona situació pel que fa al compliment dels objectius de desenvolupament sostenible de l’Agenda 2030”
    - 2024-09-27 06:21:00 -> 5.800 paquets de tabac intervinguts al Pas
       -> 2 comments
CURRENT PAGE -> 5
URL: https://www.diariandorra.ad/search/5?query=la ...
    - 2024-09-27 05:29:00 -> Jordina Caminal, tercera al primer descens SAC a Xile
    - 2024-09-27 05:28:00 -> Vicky Jiménez accedeix a la segona ronda de Lisboa
--> SEARCHING TERM els ...
CURRENT PAGE -> 1
URL: https://www.diariandorra.ad/search/?query=els ...
CURRENT PAGE -> 2
URL: https://www.diariandorra.ad/search/2?query=els ...
CURRENT PAGE -> 3
URL: https://www.diariandorra.ad/search/3?query=els ...
CURRENT PAGE -> 4
URL: https://www.diariandorra.ad/search/4?query=els ...
CURRENT PAGE -> 5
URL: https://www.diariandorra.ad/search/5?query=els ...
--> SEARCHING TERM les ...
CURRENT PAGE -> 1
URL: https://www.diariandorra.ad/search/?query=les ...
CURRENT PAGE -> 2
URL: https://www.diariandorra.ad/search/2?query=les ...
CURRENT PAGE -> 3
URL: https://www.diariandorra.ad/search/3?query=les ...
CURRENT PAGE -> 4
URL: https://www.diariandorra.ad/search/4?query=les ...
    - 2024-09-27 15:40:00 -> Discurs del cap de Govern, Xavier Espot, a l'Assemblea de les Nacions Unides
CURRENT PAGE -> 5
URL: https://www.diariandorra.ad/search/5?query=les ...
CURRENT PAGE -> 6
URL: https://www.diariandorra.ad/search/6?query=les ...
--> SEARCHING TERM a ...
CURRENT PAGE -> 1
URL: https://www.diariandorra.ad/search/?query=a ...
CURRENT PAGE -> 2
URL: https://www.diariandorra.ad/search/2?query=a ...
CURRENT PAGE -> 3
URL: https://www.diariandorra.ad/search/3?query=a ...
    - 2024-09-28 06:27:00 -> “Un dels grans riscos de l’envelliment és la pobresa i la solitud”
CURRENT PAGE -> 4
URL: https://www.diariandorra.ad/search/4?query=a ...
CURRENT PAGE -> 5
URL: https://www.diariandorra.ad/search/5?query=a ...
CURRENT PAGE -> 6
URL: https://www.diariandorra.ad/search/6?query=a ...
    - 2024-09-27 06:07:00 -> Planellades
CURRENT PAGE -> 7
URL: https://www.diariandorra.ad/search/7?query=a ...
--> SEARCHING TERM de ...
CURRENT PAGE -> 1
URL: https://www.diariandorra.ad/search/?query=de ...
CURRENT PAGE -> 2
URL: https://www.diariandorra.ad/search/2?query=de ...
CURRENT PAGE -> 3
URL: https://www.diariandorra.ad/search/3?query=de ...
CURRENT PAGE -> 4
URL: https://www.diariandorra.ad/search/4?query=de ...
CURRENT PAGE -> 5
URL: https://www.diariandorra.ad/search/5?query=de ...
CURRENT PAGE -> 6
URL: https://www.diariandorra.ad/search/6?query=de ...
CURRENT PAGE -> 7
URL: https://www.diariandorra.ad/search/7?query=de ...
Resulting dataset stored as -> data/scrapes/LATEST/20240928_LATEST_articles.csv
Resulting comments dataset stored as -> data/scrapes/LATEST/20240928_LATEST_comments.csv

Total execution time: 571.478(9.525 minutes)
